#
# There is insufficient memory for the Java Runtime Environment to continue.
# Native memory allocation (mmap) failed to map 251658240 bytes for Failed to commit area from 0x0000000711000000 to 0x0000000720000000 of length 251658240.
# Possible reasons:
#   The system is out of physical RAM or swap space
#   The process is running with CompressedOops enabled, and the Java Heap may be blocking the growth of the native heap
# Possible solutions:
#   Reduce memory load on the system
#   Increase physical memory or swap space
#   Check if swap backing store is full
#   Decrease Java heap size (-Xmx/-Xms)
#   Decrease number of Java threads
#   Decrease Java thread stack sizes (-Xss)
#   Set larger code cache with -XX:ReservedCodeCacheSize=
# This output file may be truncated or incomplete.
#
#  Out of Memory Error (./src/hotspot/os/windows/os_windows.cpp:3303), pid=10980, tid=18068
#
# JRE version:  (11.0.8+10) (build )
# Java VM: OpenJDK 64-Bit Server VM (11.0.8+10-b944.6842174, mixed mode, sharing, tiered, compressed oops, g1 gc, windows-amd64)
# No core dump will be written. Minidumps are not enabled by default on client versions of Windows
#

---------------  S U M M A R Y ------------

Command Line: org.jetbrains.kotlin.cli.jvm.K2JVMCompiler @D:\JetBrainProjects\AndroidExample\RoomObserveKotlin\build\20210602_10725007907656949708.compiler.options

Host: AMD Ryzen 5 3550H with Radeon Vega Mobile Gfx  , 8 cores, 14G,  Windows 10 , 64 bit Build 19041 (10.0.19041.662)
Time: Wed Jun  2 16:15:04 2021 China Standard Time elapsed time: 0 seconds (0d 0h 0m 0s)

---------------  T H R E A D  ---------------

Current thread (0x0000020044b51000):  JavaThread "Unknown thread" [_thread_in_vm, id=18068, stack(0x000000bee8000000,0x000000bee8100000)]

Stack: [0x000000bee8000000,0x000000bee8100000]
Native frames: (J=compiled Java code, j=interpreted, Vv=VM code, C=native code)
V  [jvm.dll+0x5de50a]
V  [jvm.dll+0x7122f5]
V  [jvm.dll+0x71384d]
V  [jvm.dll+0x713f03]
V  [jvm.dll+0x23e728]
V  [jvm.dll+0x5db9a4]
V  [jvm.dll+0x5d0ae5]
V  [jvm.dll+0x2fb20b]
V  [jvm.dll+0x2fb17a]
V  [jvm.dll+0x2fb052]
V  [jvm.dll+0x2fff16]
V  [jvm.dll+0x348743]
V  [jvm.dll+0x348e46]
V  [jvm.dll+0x348843]
V  [jvm.dll+0x2d5d68]
V  [jvm.dll+0x2d6f07]
V  [jvm.dll+0x6f11f7]
V  [jvm.dll+0x6f29ec]
V  [jvm.dll+0x355cb9]
V  [jvm.dll+0x6d4ade]
V  [jvm.dll+0x3bdfe3]
V  [jvm.dll+0x3c0201]
C  [jli.dll+0x5373]
C  [ucrtbase.dll+0x214c2]
C  [KERNEL32.DLL+0x17034]
C  [ntdll.dll+0x4d0d1]


---------------  P R O C E S S  ---------------

Threads class SMR info:
_java_thread_list=0x0000020042a74d20, length=0, elements={
}

Java Threads: ( => current thread )

Other Threads:
  0x0000020044b67000 GCTaskThread "GC Thread#0" [stack: 0x000000bee8100000,0x000000bee8200000] [id=16484]
  0x0000020044bbe000 ConcurrentGCThread "G1 Main Marker" [stack: 0x000000bee8200000,0x000000bee8300000] [id=17908]
  0x0000020044bc0800 ConcurrentGCThread "G1 Conc#0" [stack: 0x000000bee8300000,0x000000bee8400000] [id=6496]

[error occurred during error reporting (printing all threads), id 0xc0000005, EXCEPTION_ACCESS_VIOLATION (0xc0000005) at pc=0x00007ff959c06357]

VM state:not at safepoint (not fully initialized)

VM Mutex/Monitor currently owned by a thread:  ([mutex/lock_event])
[0x0000020044b4b4f0] Heap_lock - owner thread: 0x0000020044b51000

Heap address: 0x0000000711000000, size: 3824 MB, Compressed Oops mode: Non-zero based: 0x0000000711000000
Narrow klass base: 0x0000000000000000, Narrow klass shift: 0

GC Heap History (0 events):
No events

Deoptimization events (0 events):
No events

Classes redefined (0 events):
No events

Internal exceptions (0 events):
No events

Events (1 events):
Event: 0.016 Loaded shared library D:\Android\Android Studio\jre\bin\zip.dll


Dynamic libraries:
0x00007ff7faf80000 - 0x00007ff7faf8a000 	D:\Android\Android Studio\jre\bin\java.exe
0x00007ff9c9690000 - 0x00007ff9c9886000 	C:\WINDOWS\SYSTEM32\ntdll.dll
0x00007ff9c90f0000 - 0x00007ff9c91ad000 	C:\WINDOWS\System32\KERNEL32.DLL
0x00007ff9c7090000 - 0x00007ff9c7359000 	C:\WINDOWS\System32\KERNELBASE.dll
0x00007ff9c7360000 - 0x00007ff9c7460000 	C:\WINDOWS\System32\ucrtbase.dll
0x00007ff9c23a0000 - 0x00007ff9c23b7000 	D:\Android\Android Studio\jre\bin\VCRUNTIME140.dll
0x00007ff9b7840000 - 0x00007ff9b7859000 	D:\Android\Android Studio\jre\bin\jli.dll
0x00007ff9c8ea0000 - 0x00007ff9c9040000 	C:\WINDOWS\System32\USER32.dll
0x00007ff9c7460000 - 0x00007ff9c7482000 	C:\WINDOWS\System32\win32u.dll
0x00007ff9c9440000 - 0x00007ff9c946a000 	C:\WINDOWS\System32\GDI32.dll
0x00007ff9c7490000 - 0x00007ff9c7599000 	C:\WINDOWS\System32\gdi32full.dll
0x00007ff9ae6a0000 - 0x00007ff9ae93b000 	C:\WINDOWS\WinSxS\amd64_microsoft.windows.common-controls_6595b64144ccf1df_6.0.19041.488_none_ca04af081b815d21\COMCTL32.dll
0x00007ff9c75d0000 - 0x00007ff9c766d000 	C:\WINDOWS\System32\msvcp_win.dll
0x00007ff9c8850000 - 0x00007ff9c88ee000 	C:\WINDOWS\System32\msvcrt.dll
0x00007ff9c8820000 - 0x00007ff9c8850000 	C:\WINDOWS\System32\IMM32.DLL
0x00007ff98b3a0000 - 0x00007ff98b43d000 	D:\Android\Android Studio\jre\bin\msvcp140.dll
0x00007ff959920000 - 0x00007ff95a3dc000 	D:\Android\Android Studio\jre\bin\server\jvm.dll
0x00007ff9c95a0000 - 0x00007ff9c964c000 	C:\WINDOWS\System32\ADVAPI32.dll
0x00007ff9c91c0000 - 0x00007ff9c925c000 	C:\WINDOWS\System32\sechost.dll
0x00007ff9c85b0000 - 0x00007ff9c86db000 	C:\WINDOWS\System32\RPCRT4.dll
0x00007ff9c7830000 - 0x00007ff9c7838000 	C:\WINDOWS\System32\PSAPI.DLL
0x00007ff9c24a0000 - 0x00007ff9c24a9000 	C:\WINDOWS\SYSTEM32\WSOCK32.dll
0x00007ff9bc280000 - 0x00007ff9bc2a7000 	C:\WINDOWS\SYSTEM32\WINMM.dll
0x00007ff9bc400000 - 0x00007ff9bc40a000 	C:\WINDOWS\SYSTEM32\VERSION.dll
0x00007ff9c8970000 - 0x00007ff9c89db000 	C:\WINDOWS\System32\WS2_32.dll
0x00007ff9c56c0000 - 0x00007ff9c56d2000 	C:\WINDOWS\SYSTEM32\kernel.appcore.dll
0x00007ff9c16a0000 - 0x00007ff9c16b1000 	D:\Android\Android Studio\jre\bin\verify.dll
0x00007ff9c5120000 - 0x00007ff9c5304000 	C:\WINDOWS\SYSTEM32\DBGHELP.DLL
0x00007ff9b4130000 - 0x00007ff9b415c000 	C:\WINDOWS\SYSTEM32\dbgcore.DLL
0x00007ff9c7670000 - 0x00007ff9c76f0000 	C:\WINDOWS\System32\bcryptPrimitives.dll
0x00007ff9c1670000 - 0x00007ff9c1699000 	D:\Android\Android Studio\jre\bin\java.dll
0x00007ff9c1660000 - 0x00007ff9c166b000 	D:\Android\Android Studio\jre\bin\jimage.dll
0x00007ff9b7a00000 - 0x00007ff9b7a18000 	D:\Android\Android Studio\jre\bin\zip.dll

dbghelp: loaded successfully - version: 4.0.5 - missing functions: none
symbol engine: initialized successfully - sym options: 0x614 - pdb path: .;D:\Android\Android Studio\jre\bin;C:\WINDOWS\SYSTEM32;C:\WINDOWS\WinSxS\amd64_microsoft.windows.common-controls_6595b64144ccf1df_6.0.19041.488_none_ca04af081b815d21;D:\Android\Android Studio\jre\bin\server

VM Arguments:
java_command: org.jetbrains.kotlin.cli.jvm.K2JVMCompiler @D:\JetBrainProjects\AndroidExample\RoomObserveKotlin\build\20210602_10725007907656949708.compiler.options
java_class_path (initial): D:\.gradle\caches\modules-2\files-2.1\org.jetbrains.kotlin\kotlin-compiler-embeddable\1.5.10\9c35134a025cab7a1e6eee0d87d241c2f30c1218\kotlin-compiler-embeddable-1.5.10.jar;D:\.gradle\caches\modules-2\files-2.1\org.jetbrains.kotlin\kotlin-reflect\1.5.10\d6c70f3c0df2457ea0095c61c1fc1188017dc3bc\kotlin-reflect-1.5.10.jar;D:\.gradle\caches\modules-2\files-2.1\org.jetbrains.kotlin\kotlin-stdlib\1.5.10\da6a904b132f0402fa4d79169a3c1770598d4702\kotlin-stdlib-1.5.10.jar;D:\.gradle\caches\modules-2\files-2.1\org.jetbrains.kotlin\kotlin-script-runtime\1.5.10\69bad0ece91b0797055aeadbd44dc742c458398b\kotlin-script-runtime-1.5.10.jar;D:\.gradle\caches\modules-2\files-2.1\org.jetbrains.kotlin\kotlin-daemon-embeddable\1.5.10\d06ad33b62b041dae0609f830c3b48135d53b8bc\kotlin-daemon-embeddable-1.5.10.jar;D:\.gradle\caches\modules-2\files-2.1\org.jetbrains.intellij.deps\trove4j\1.0.20181211\216c2e14b070f334479d800987affe4054cd563f\trove4j-1.0.20181211.jar;D:\.gradle\caches\modules-2\files-2.1\org.jetbrains\annotations\13.0\919f0dfe192fb4e063e7dacadee7f8bb9a2672a9\annotations-13.0.jar;D:\.gradle\caches\modules-2\files-2.1\org.jetbrains.kotlin\kotlin-stdlib-common\1.5.10\6b84d926e28493be69daf673e40076f89492ef7\kotlin-stdlib-common-1.5.10.jar
Launcher Type: SUN_STANDARD

[Global flags]
     intx CICompilerCount                          = 4                                         {product} {ergonomic}
     uint ConcGCThreads                            = 2                                         {product} {ergonomic}
     uint G1ConcRefinementThreads                  = 8                                         {product} {ergonomic}
   size_t G1HeapRegionSize                         = 1048576                                   {product} {ergonomic}
    uintx GCDrainStackTargetSize                   = 64                                        {product} {ergonomic}
   size_t InitialHeapSize                          = 251658240                                 {product} {ergonomic}
   size_t MarkStackSize                            = 4194304                                   {product} {ergonomic}
   size_t MaxHeapSize                              = 4009754624                                {product} {ergonomic}
   size_t MinHeapDeltaBytes                        = 1048576                                   {product} {ergonomic}
    uintx NonNMethodCodeHeapSize                   = 5836300                                {pd product} {ergonomic}
    uintx NonProfiledCodeHeapSize                  = 122910970                              {pd product} {ergonomic}
    uintx ProfiledCodeHeapSize                     = 122910970                              {pd product} {ergonomic}
    uintx ReservedCodeCacheSize                    = 251658240                              {pd product} {ergonomic}
     bool SegmentedCodeCache                       = true                                      {product} {ergonomic}
     bool UseCompressedClassPointers               = true                                 {lp64_product} {ergonomic}
     bool UseCompressedOops                        = true                                 {lp64_product} {ergonomic}
     bool UseG1GC                                  = true                                      {product} {ergonomic}
     bool UseLargePagesIndividualAllocation        = false                                  {pd product} {ergonomic}

Logging:
Log output configuration:
 #0: stdout all=warning uptime,level,tags
 #1: stderr all=off uptime,level,tags

Environment Variables:
JAVA_HOME=C:\Program Files\Java\jdk1.8.0_231
CLASSPATH=.;C:\Program Files\Java\jdk1.8.0_231\lib;C:\Program Files\Java\jdk1.8.0_231\lib\tools.jar
PATH=D:\Program Files (x86)\VMware\VMware Workstation\bin\;C:\Users\Finger\AppData\Local\Programs\Python\Python38;C:\Users\Finger\AppData\Local\Programs\Python\Python38\Scripts;C:\Program Files (x86)\Common Files\Intel\Shared Libraries\redist\intel64\compiler;D:\Python\Python38\Scripts\;D:\Python\Python38\;"C:\Program Files\Java\jdk1.8.0_231\bin;C:\Program Files\Java\jdk1.8.0_231\jre\bin;";C:\Program Files (x86)\Common Files\Oracle\Java\javapath;C:\WINDOWS\system32;C:\WINDOWS;C:\WINDOWS\System32\Wbem;C:\WINDOWS\System32\WindowsPowerShell\v1.0\;C:\WINDOWS\System32\OpenSSH\;D:\Program Files\010 Editor;D:\Go\bin;D:\AndroidSDK\platform-tools;C:\Program Files\Microsoft SQL Server\130\Tools\Binn\;D:\AndroidSDK\build-tools\29.0.2;C:\mingw-w64\x86_64-8.1.0-posix-seh-rt_v6-rev0\mingw64\bin;D:\AndroidSDK\cmake\3.10.2.4988404\bin;C:\OpenSSL-Win64\bin;D:\Program Files\CMake\bin;C:\Windows\Microsoft.NET\Framework64\v4.0.30319;C:\Strawberry\c\bin;C:\Strawberry\perl\site\bin;C:\Strawberry\perl\bin;D:\phpstudy_pro\Extensions\php\php5.6.9nts;C:\ProgramData\ComposerSetup\bin;C:\ProgramData\chocolatey\bin;D:\Program Files\nodejs\;D:\AndroidSDK\ndk-bundle;D:\Program Files\Git\cmd;C:\Program Files\dotnet\;C:\Ruby26-x64\bin;C:\Users\Finger\AppData\Local\Microsoft\WindowsApps;D:\Program Files\Microsoft VS Code\bin;D:\Program Files\JetBrains\IntelliJ IDEA 2019.3\bin;D:\Program Files\JetBrains\PhpStorm 2019.3\bin;D:\Program Files\JetBrains\PyCharm 2019.3\bin;D:\Program Files\JetBrains\GoLand 2019.3\bin;D:\Program Files\JetBrains\DataGrip 2019.3\bin;C:\Users\Finger\go\bin;C:\Program Files\Java\jdk1.8.0_231\bin;D:\Program Files\JetBrains\CLion 2020.1\bin;C:\Users\Finger\AppData\Local\Programs\Fiddler;D:\Program Files\JetBrains\IntelliJ IDEA 2020.3\bin;;D:\Program Files\JetBrains\RubyMine 2020.3\bin;;C:\Program Files\Bandizip\;C:\Users\Finger\AppData\Roaming\Composer\vendor\bin;D:\Program Files\JetBrains\PhpStorm 2020.3\bin;;D:\Program Files\JetBrains\PyCharm 2020.3\bin;;D:\Program Files\JetBrain
USERNAME=Finger
OS=Windows_NT
PROCESSOR_IDENTIFIER=AMD64 Family 23 Model 24 Stepping 1, AuthenticAMD



---------------  S Y S T E M  ---------------

OS: Windows 10 , 64 bit Build 19041 (10.0.19041.662)
OS uptime: 2 days 3:03 hours
HyperV virtualization detected

CPU:total 8 (initial active 8) (8 cores per cpu, 2 threads per core) family 23 model 24 stepping 1, cmov, cx8, fxsr, mmx, sse, sse2, sse3, ssse3, sse4.1, sse4.2, popcnt, avx, avx2, aes, clmul, mmxext, 3dnowpref, lzcnt, sse4a, ht, tsc, tscinvbit, tscinv, bmi1, bmi2, adx, sha, fma

Memory: 4k page, system-wide physical 15295M (3902M free)
TotalPageFile size 19372M (AvailPageFile size 176M)
current process WorkingSet (physical memory assigned to process): 10M, peak: 10M
current process commit charge ("private bytes"): 60M, peak: 300M

vm_info: OpenJDK 64-Bit Server VM (11.0.8+10-b944.6842174) for windows-amd64 JRE (11.0.8+10-b944.6842174), built on Sep 19 2020 01:11:42 by "builder" with MS VC++ 14.0 (VS2015)

END.
