#
# There is insufficient memory for the Java Runtime Environment to continue.
# Native memory allocation (malloc) failed to allocate 380496 bytes for Chunk::new
# Possible reasons:
#   The system is out of physical RAM or swap space
#   The process is running with CompressedOops enabled, and the Java Heap may be blocking the growth of the native heap
# Possible solutions:
#   Reduce memory load on the system
#   Increase physical memory or swap space
#   Check if swap backing store is full
#   Decrease Java heap size (-Xmx/-Xms)
#   Decrease number of Java threads
#   Decrease Java thread stack sizes (-Xss)
#   Set larger code cache with -XX:ReservedCodeCacheSize=
#   JVM is running with Zero Based Compressed Oops mode in which the Java heap is
#     placed in the first 32GB address space. The Java Heap base address is the
#     maximum limit for the native heap growth. Please use -XX:HeapBaseMinAddress
#     to set the Java Heap base and to place the Java Heap above 32GB virtual address.
# This output file may be truncated or incomplete.
#
#  Out of Memory Error (./src/hotspot/share/memory/arena.cpp:197), pid=14480, tid=19708
#
# JRE version: OpenJDK Runtime Environment (11.0.8+10) (build 11.0.8+10-b944.6842174)
# Java VM: OpenJDK 64-Bit Server VM (11.0.8+10-b944.6842174, mixed mode, tiered, compressed oops, g1 gc, windows-amd64)
# No core dump will be written. Minidumps are not enabled by default on client versions of Windows
#

---------------  S U M M A R Y ------------

Command Line: org.jetbrains.kotlin.cli.jvm.K2JVMCompiler @D:\JetBrainProjects\AndroidExample\RoomObserveKotlin\build\20210602_8765973892866200080.compiler.options

Host: AMD Ryzen 5 3550H with Radeon Vega Mobile Gfx  , 8 cores, 14G,  Windows 10 , 64 bit Build 19041 (10.0.19041.662)
Time: Wed Jun  2 16:17:09 2021 China Standard Time elapsed time: 2 seconds (0d 0h 0m 2s)

---------------  T H R E A D  ---------------

Current thread (0x0000026c9a891000):  JavaThread "C2 CompilerThread2" daemon [_thread_in_native, id=19708, stack(0x000000bb5c400000,0x000000bb5c500000)]


Current CompileTask:
C2:   2007 1964   !   4       jdk.internal.loader.BuiltinClassLoader::loadClassOrNull (143 bytes)

Stack: [0x000000bb5c400000,0x000000bb5c500000]
Native frames: (J=compiled Java code, j=interpreted, Vv=VM code, C=native code)
V  [jvm.dll+0x5de50a]
V  [jvm.dll+0x7122f5]
V  [jvm.dll+0x71384d]
V  [jvm.dll+0x713f03]
V  [jvm.dll+0x23e728]
V  [jvm.dll+0xb899c]
V  [jvm.dll+0xb8e9c]
V  [jvm.dll+0x4e6180]
V  [jvm.dll+0x31ded2]
V  [jvm.dll+0x31d39a]
V  [jvm.dll+0x1f7702]
V  [jvm.dll+0x1f68d4]
V  [jvm.dll+0x17f32c]
V  [jvm.dll+0x205047]
V  [jvm.dll+0x203891]
V  [jvm.dll+0x6dad3f]
V  [jvm.dll+0x6d3895]
V  [jvm.dll+0x5dd4a6]
C  [ucrtbase.dll+0x214c2]
C  [KERNEL32.DLL+0x17034]
C  [ntdll.dll+0x4d0d1]


---------------  P R O C E S S  ---------------

Threads class SMR info:
_java_thread_list=0x0000026c9a86dc90, length=12, elements={
0x0000026cfb731000, 0x0000026c9a64a000, 0x0000026c9a655000, 0x0000026c9a6bb000,
0x0000026c9a6bd000, 0x0000026c9a6be000, 0x0000026c9a6ca800, 0x0000026c9a6f9000,
0x0000026c9a861800, 0x0000026c9a86f000, 0x0000026c9a88f000, 0x0000026c9a891000
}

Java Threads: ( => current thread )
  0x0000026cfb731000 JavaThread "main" [_thread_in_vm, id=16400, stack(0x000000bb5b200000,0x000000bb5b300000)]
  0x0000026c9a64a000 JavaThread "Reference Handler" daemon [_thread_blocked, id=20296, stack(0x000000bb5b900000,0x000000bb5ba00000)]
  0x0000026c9a655000 JavaThread "Finalizer" daemon [_thread_blocked, id=10984, stack(0x000000bb5ba00000,0x000000bb5bb00000)]
  0x0000026c9a6bb000 JavaThread "Signal Dispatcher" daemon [_thread_blocked, id=11796, stack(0x000000bb5bb00000,0x000000bb5bc00000)]
  0x0000026c9a6bd000 JavaThread "Attach Listener" daemon [_thread_blocked, id=19504, stack(0x000000bb5bc00000,0x000000bb5bd00000)]
  0x0000026c9a6be000 JavaThread "C2 CompilerThread0" daemon [_thread_in_native, id=20004, stack(0x000000bb5bd00000,0x000000bb5be00000)]
  0x0000026c9a6ca800 JavaThread "C1 CompilerThread0" daemon [_thread_blocked, id=20160, stack(0x000000bb5be00000,0x000000bb5bf00000)]
  0x0000026c9a6f9000 JavaThread "Sweeper thread" daemon [_thread_blocked, id=19264, stack(0x000000bb5bf00000,0x000000bb5c000000)]
  0x0000026c9a861800 JavaThread "Service Thread" daemon [_thread_blocked, id=9568, stack(0x000000bb5c000000,0x000000bb5c100000)]
  0x0000026c9a86f000 JavaThread "Common-Cleaner" daemon [_thread_blocked, id=3556, stack(0x000000bb5c200000,0x000000bb5c300000)]
  0x0000026c9a88f000 JavaThread "C2 CompilerThread1" daemon [_thread_blocked, id=15468, stack(0x000000bb5c300000,0x000000bb5c400000)]
=>0x0000026c9a891000 JavaThread "C2 CompilerThread2" daemon [_thread_in_native, id=19708, stack(0x000000bb5c400000,0x000000bb5c500000)]

Other Threads:
  0x0000026c9a628000 VMThread "VM Thread" [stack: 0x000000bb5b800000,0x000000bb5b900000] [id=18068]
  0x0000026c9a862000 WatcherThread [stack: 0x000000bb5c100000,0x000000bb5c200000] [id=18364]
  0x0000026cfb747000 GCTaskThread "GC Thread#0" [stack: 0x000000bb5b300000,0x000000bb5b400000] [id=6964]
  0x0000026c9a9ec000 GCTaskThread "GC Thread#1" [stack: 0x000000bb5c500000,0x000000bb5c600000] [id=9564]
  0x0000026c9a9ed000 GCTaskThread "GC Thread#2" [stack: 0x000000bb5c600000,0x000000bb5c700000] [id=13232]
  0x0000026c9a9ed800 GCTaskThread "GC Thread#3" [stack: 0x000000bb5c700000,0x000000bb5c800000] [id=9868]
  0x0000026c9a9ee800 GCTaskThread "GC Thread#4" [stack: 0x000000bb5c800000,0x000000bb5c900000] [id=18792]
  0x0000026cfb79e800 ConcurrentGCThread "G1 Main Marker" [stack: 0x000000bb5b400000,0x000000bb5b500000] [id=20096]
  0x0000026cfb7a1000 ConcurrentGCThread "G1 Conc#0" [stack: 0x000000bb5b500000,0x000000bb5b600000] [id=1632]
  0x0000026c9af99000 ConcurrentGCThread "G1 Conc#1" [stack: 0x000000bb5c900000,0x000000bb5ca00000] [id=16624]
  0x0000026cfb80e000 ConcurrentGCThread "G1 Refine#0" [stack: 0x000000bb5b600000,0x000000bb5b700000] [id=7244]
  0x0000026c99c8b800 ConcurrentGCThread "G1 Young RemSet Sampling" [stack: 0x000000bb5b700000,0x000000bb5b800000] [id=12776]

Threads with active compile tasks:
C2 CompilerThread0   2032 2014   !   4       java.util.jar.JarFile::checkForSpecialAttributes (163 bytes)
C2 CompilerThread2   2032 1964   !   4       jdk.internal.loader.BuiltinClassLoader::loadClassOrNull (143 bytes)

VM state:not at safepoint (normal execution)

VM Mutex/Monitor currently owned by a thread: None

Heap address: 0x0000000711000000, size: 3824 MB, Compressed Oops mode: Zero based, Oop shift amount: 3
Narrow klass base: 0x0000000800000000, Narrow klass shift: 0
Compressed class space size: 1073741824 Address: 0x0000000800000000

Heap:
 garbage-first heap   total 245760K, used 44567K [0x0000000711000000, 0x0000000800000000)
  region size 1024K, 36 young (36864K), 7 survivors (7168K)
 Metaspace       used 29552K, capacity 29985K, committed 30080K, reserved 1075200K
  class space    used 3496K, capacity 3643K, committed 3712K, reserved 1048576K
Heap Regions: E=young(eden), S=young(survivor), O=old, HS=humongous(starts), HC=humongous(continues), CS=collection set, F=free, A=archive, TAMS=top-at-mark-start (previous, next)
|   0|0x0000000711000000, 0x0000000711100000, 0x0000000711100000|100%|HS|  |TAMS 0x0000000711100000, 0x0000000711000000| Complete 
|   1|0x0000000711100000, 0x0000000711200000, 0x0000000711200000|100%|HC|  |TAMS 0x0000000711200000, 0x0000000711100000| Complete 
|   2|0x0000000711200000, 0x0000000711300000, 0x0000000711300000|100%|HC|  |TAMS 0x0000000711300000, 0x0000000711200000| Complete 
|   3|0x0000000711300000, 0x0000000711400000, 0x0000000711400000|100%|HS|  |TAMS 0x0000000711300000, 0x0000000711300000| Complete 
|   4|0x0000000711400000, 0x0000000711500000, 0x0000000711500000|100%|HC|  |TAMS 0x0000000711400000, 0x0000000711400000| Complete 
|   5|0x0000000711500000, 0x0000000711600000, 0x0000000711600000|100%|HC|  |TAMS 0x0000000711500000, 0x0000000711500000| Complete 
|   6|0x0000000711600000, 0x0000000711700000, 0x0000000711700000|100%|HS|  |TAMS 0x0000000711600000, 0x0000000711600000| Complete 
|   7|0x0000000711700000, 0x0000000711800000, 0x0000000711800000|100%|HC|  |TAMS 0x0000000711700000, 0x0000000711700000| Complete 
|   8|0x0000000711800000, 0x0000000711900000, 0x0000000711900000|100%|HC|  |TAMS 0x0000000711800000, 0x0000000711800000| Complete 
|   9|0x0000000711900000, 0x0000000711900000, 0x0000000711a00000|  0%| F|  |TAMS 0x0000000711900000, 0x0000000711900000| Untracked 
|  10|0x0000000711a00000, 0x0000000711a00000, 0x0000000711b00000|  0%| F|  |TAMS 0x0000000711a00000, 0x0000000711a00000| Untracked 
|  11|0x0000000711b00000, 0x0000000711b00000, 0x0000000711c00000|  0%| F|  |TAMS 0x0000000711b00000, 0x0000000711b00000| Untracked 
|  12|0x0000000711c00000, 0x0000000711c00000, 0x0000000711d00000|  0%| F|  |TAMS 0x0000000711c00000, 0x0000000711c00000| Untracked 
|  13|0x0000000711d00000, 0x0000000711d00000, 0x0000000711e00000|  0%| F|  |TAMS 0x0000000711d00000, 0x0000000711d00000| Untracked 
|  14|0x0000000711e00000, 0x0000000711e00000, 0x0000000711f00000|  0%| F|  |TAMS 0x0000000711e00000, 0x0000000711e00000| Untracked 
|  15|0x0000000711f00000, 0x0000000711f00000, 0x0000000712000000|  0%| F|  |TAMS 0x0000000711f00000, 0x0000000711f00000| Untracked 
|  16|0x0000000712000000, 0x0000000712000000, 0x0000000712100000|  0%| F|  |TAMS 0x0000000712000000, 0x0000000712000000| Untracked 
|  17|0x0000000712100000, 0x0000000712100000, 0x0000000712200000|  0%| F|  |TAMS 0x0000000712100000, 0x0000000712100000| Untracked 
|  18|0x0000000712200000, 0x0000000712200000, 0x0000000712300000|  0%| F|  |TAMS 0x0000000712200000, 0x0000000712200000| Untracked 
|  19|0x0000000712300000, 0x0000000712300000, 0x0000000712400000|  0%| F|  |TAMS 0x0000000712300000, 0x0000000712300000| Untracked 
|  20|0x0000000712400000, 0x0000000712400000, 0x0000000712500000|  0%| F|  |TAMS 0x0000000712400000, 0x0000000712400000| Untracked 
|  21|0x0000000712500000, 0x0000000712500000, 0x0000000712600000|  0%| F|  |TAMS 0x0000000712500000, 0x0000000712500000| Untracked 
|  22|0x0000000712600000, 0x0000000712600000, 0x0000000712700000|  0%| F|  |TAMS 0x0000000712600000, 0x0000000712600000| Untracked 
|  23|0x0000000712700000, 0x0000000712700000, 0x0000000712800000|  0%| F|  |TAMS 0x0000000712700000, 0x0000000712700000| Untracked 
|  24|0x0000000712800000, 0x0000000712800000, 0x0000000712900000|  0%| F|  |TAMS 0x0000000712800000, 0x0000000712800000| Untracked 
|  25|0x0000000712900000, 0x0000000712900000, 0x0000000712a00000|  0%| F|  |TAMS 0x0000000712900000, 0x0000000712900000| Untracked 
|  26|0x0000000712a00000, 0x0000000712a00000, 0x0000000712b00000|  0%| F|  |TAMS 0x0000000712a00000, 0x0000000712a00000| Untracked 
|  27|0x0000000712b00000, 0x0000000712b00000, 0x0000000712c00000|  0%| F|  |TAMS 0x0000000712b00000, 0x0000000712b00000| Untracked 
|  28|0x0000000712c00000, 0x0000000712c00000, 0x0000000712d00000|  0%| F|  |TAMS 0x0000000712c00000, 0x0000000712c00000| Untracked 
|  29|0x0000000712d00000, 0x0000000712d00000, 0x0000000712e00000|  0%| F|  |TAMS 0x0000000712d00000, 0x0000000712d00000| Untracked 
|  30|0x0000000712e00000, 0x0000000712e00000, 0x0000000712f00000|  0%| F|  |TAMS 0x0000000712e00000, 0x0000000712e00000| Untracked 
|  31|0x0000000712f00000, 0x0000000712f00000, 0x0000000713000000|  0%| F|  |TAMS 0x0000000712f00000, 0x0000000712f00000| Untracked 
|  32|0x0000000713000000, 0x0000000713000000, 0x0000000713100000|  0%| F|  |TAMS 0x0000000713000000, 0x0000000713000000| Untracked 
|  33|0x0000000713100000, 0x0000000713100000, 0x0000000713200000|  0%| F|  |TAMS 0x0000000713100000, 0x0000000713100000| Untracked 
|  34|0x0000000713200000, 0x0000000713200000, 0x0000000713300000|  0%| F|  |TAMS 0x0000000713200000, 0x0000000713200000| Untracked 
|  35|0x0000000713300000, 0x0000000713300000, 0x0000000713400000|  0%| F|  |TAMS 0x0000000713300000, 0x0000000713300000| Untracked 
|  36|0x0000000713400000, 0x0000000713400000, 0x0000000713500000|  0%| F|  |TAMS 0x0000000713400000, 0x0000000713400000| Untracked 
|  37|0x0000000713500000, 0x0000000713500000, 0x0000000713600000|  0%| F|  |TAMS 0x0000000713500000, 0x0000000713500000| Untracked 
|  38|0x0000000713600000, 0x0000000713600000, 0x0000000713700000|  0%| F|  |TAMS 0x0000000713600000, 0x0000000713600000| Untracked 
|  39|0x0000000713700000, 0x0000000713700000, 0x0000000713800000|  0%| F|  |TAMS 0x0000000713700000, 0x0000000713700000| Untracked 
|  40|0x0000000713800000, 0x0000000713800000, 0x0000000713900000|  0%| F|  |TAMS 0x0000000713800000, 0x0000000713800000| Untracked 
|  41|0x0000000713900000, 0x0000000713900000, 0x0000000713a00000|  0%| F|  |TAMS 0x0000000713900000, 0x0000000713900000| Untracked 
|  42|0x0000000713a00000, 0x0000000713a00000, 0x0000000713b00000|  0%| F|  |TAMS 0x0000000713a00000, 0x0000000713a00000| Untracked 
|  43|0x0000000713b00000, 0x0000000713b00000, 0x0000000713c00000|  0%| F|  |TAMS 0x0000000713b00000, 0x0000000713b00000| Untracked 
|  44|0x0000000713c00000, 0x0000000713c00000, 0x0000000713d00000|  0%| F|  |TAMS 0x0000000713c00000, 0x0000000713c00000| Untracked 
|  45|0x0000000713d00000, 0x0000000713d00000, 0x0000000713e00000|  0%| F|  |TAMS 0x0000000713d00000, 0x0000000713d00000| Untracked 
|  46|0x0000000713e00000, 0x0000000713e00000, 0x0000000713f00000|  0%| F|  |TAMS 0x0000000713e00000, 0x0000000713e00000| Untracked 
|  47|0x0000000713f00000, 0x0000000713f00000, 0x0000000714000000|  0%| F|  |TAMS 0x0000000713f00000, 0x0000000713f00000| Untracked 
|  48|0x0000000714000000, 0x0000000714000000, 0x0000000714100000|  0%| F|  |TAMS 0x0000000714000000, 0x0000000714000000| Untracked 
|  49|0x0000000714100000, 0x0000000714100000, 0x0000000714200000|  0%| F|  |TAMS 0x0000000714100000, 0x0000000714100000| Untracked 
|  50|0x0000000714200000, 0x0000000714200000, 0x0000000714300000|  0%| F|  |TAMS 0x0000000714200000, 0x0000000714200000| Untracked 
|  51|0x0000000714300000, 0x0000000714300000, 0x0000000714400000|  0%| F|  |TAMS 0x0000000714300000, 0x0000000714300000| Untracked 
|  52|0x0000000714400000, 0x0000000714400000, 0x0000000714500000|  0%| F|  |TAMS 0x0000000714400000, 0x0000000714400000| Untracked 
|  53|0x0000000714500000, 0x0000000714500000, 0x0000000714600000|  0%| F|  |TAMS 0x0000000714500000, 0x0000000714500000| Untracked 
|  54|0x0000000714600000, 0x0000000714600000, 0x0000000714700000|  0%| F|  |TAMS 0x0000000714600000, 0x0000000714600000| Untracked 
|  55|0x0000000714700000, 0x0000000714700000, 0x0000000714800000|  0%| F|  |TAMS 0x0000000714700000, 0x0000000714700000| Untracked 
|  56|0x0000000714800000, 0x0000000714800000, 0x0000000714900000|  0%| F|  |TAMS 0x0000000714800000, 0x0000000714800000| Untracked 
|  57|0x0000000714900000, 0x0000000714900000, 0x0000000714a00000|  0%| F|  |TAMS 0x0000000714900000, 0x0000000714900000| Untracked 
|  58|0x0000000714a00000, 0x0000000714a00000, 0x0000000714b00000|  0%| F|  |TAMS 0x0000000714a00000, 0x0000000714a00000| Untracked 
|  59|0x0000000714b00000, 0x0000000714b00000, 0x0000000714c00000|  0%| F|  |TAMS 0x0000000714b00000, 0x0000000714b00000| Untracked 
|  60|0x0000000714c00000, 0x0000000714c00000, 0x0000000714d00000|  0%| F|  |TAMS 0x0000000714c00000, 0x0000000714c00000| Untracked 
|  61|0x0000000714d00000, 0x0000000714d00000, 0x0000000714e00000|  0%| F|  |TAMS 0x0000000714d00000, 0x0000000714d00000| Untracked 
|  62|0x0000000714e00000, 0x0000000714e00000, 0x0000000714f00000|  0%| F|  |TAMS 0x0000000714e00000, 0x0000000714e00000| Untracked 
|  63|0x0000000714f00000, 0x0000000714f00000, 0x0000000715000000|  0%| F|  |TAMS 0x0000000714f00000, 0x0000000714f00000| Untracked 
|  64|0x0000000715000000, 0x0000000715000000, 0x0000000715100000|  0%| F|  |TAMS 0x0000000715000000, 0x0000000715000000| Untracked 
|  65|0x0000000715100000, 0x0000000715100000, 0x0000000715200000|  0%| F|  |TAMS 0x0000000715100000, 0x0000000715100000| Untracked 
|  66|0x0000000715200000, 0x0000000715200000, 0x0000000715300000|  0%| F|  |TAMS 0x0000000715200000, 0x0000000715200000| Untracked 
|  67|0x0000000715300000, 0x0000000715300000, 0x0000000715400000|  0%| F|  |TAMS 0x0000000715300000, 0x0000000715300000| Untracked 
|  68|0x0000000715400000, 0x0000000715400000, 0x0000000715500000|  0%| F|  |TAMS 0x0000000715400000, 0x0000000715400000| Untracked 
|  69|0x0000000715500000, 0x0000000715500000, 0x0000000715600000|  0%| F|  |TAMS 0x0000000715500000, 0x0000000715500000| Untracked 
|  70|0x0000000715600000, 0x0000000715600000, 0x0000000715700000|  0%| F|  |TAMS 0x0000000715600000, 0x0000000715600000| Untracked 
|  71|0x0000000715700000, 0x0000000715700000, 0x0000000715800000|  0%| F|  |TAMS 0x0000000715700000, 0x0000000715700000| Untracked 
|  72|0x0000000715800000, 0x0000000715800000, 0x0000000715900000|  0%| F|  |TAMS 0x0000000715800000, 0x0000000715800000| Untracked 
|  73|0x0000000715900000, 0x0000000715900000, 0x0000000715a00000|  0%| F|  |TAMS 0x0000000715900000, 0x0000000715900000| Untracked 
|  74|0x0000000715a00000, 0x0000000715a00000, 0x0000000715b00000|  0%| F|  |TAMS 0x0000000715a00000, 0x0000000715a00000| Untracked 
|  75|0x0000000715b00000, 0x0000000715b00000, 0x0000000715c00000|  0%| F|  |TAMS 0x0000000715b00000, 0x0000000715b00000| Untracked 
|  76|0x0000000715c00000, 0x0000000715c00000, 0x0000000715d00000|  0%| F|  |TAMS 0x0000000715c00000, 0x0000000715c00000| Untracked 
|  77|0x0000000715d00000, 0x0000000715d00000, 0x0000000715e00000|  0%| F|  |TAMS 0x0000000715d00000, 0x0000000715d00000| Untracked 
|  78|0x0000000715e00000, 0x0000000715e00000, 0x0000000715f00000|  0%| F|  |TAMS 0x0000000715e00000, 0x0000000715e00000| Untracked 
|  79|0x0000000715f00000, 0x0000000715f00000, 0x0000000716000000|  0%| F|  |TAMS 0x0000000715f00000, 0x0000000715f00000| Untracked 
|  80|0x0000000716000000, 0x0000000716000000, 0x0000000716100000|  0%| F|  |TAMS 0x0000000716000000, 0x0000000716000000| Untracked 
|  81|0x0000000716100000, 0x0000000716100000, 0x0000000716200000|  0%| F|  |TAMS 0x0000000716100000, 0x0000000716100000| Untracked 
|  82|0x0000000716200000, 0x0000000716200000, 0x0000000716300000|  0%| F|  |TAMS 0x0000000716200000, 0x0000000716200000| Untracked 
|  83|0x0000000716300000, 0x0000000716300000, 0x0000000716400000|  0%| F|  |TAMS 0x0000000716300000, 0x0000000716300000| Untracked 
|  84|0x0000000716400000, 0x0000000716400000, 0x0000000716500000|  0%| F|  |TAMS 0x0000000716400000, 0x0000000716400000| Untracked 
|  85|0x0000000716500000, 0x0000000716500000, 0x0000000716600000|  0%| F|  |TAMS 0x0000000716500000, 0x0000000716500000| Untracked 
|  86|0x0000000716600000, 0x0000000716600000, 0x0000000716700000|  0%| F|  |TAMS 0x0000000716600000, 0x0000000716600000| Untracked 
|  87|0x0000000716700000, 0x0000000716700000, 0x0000000716800000|  0%| F|  |TAMS 0x0000000716700000, 0x0000000716700000| Untracked 
|  88|0x0000000716800000, 0x0000000716800000, 0x0000000716900000|  0%| F|  |TAMS 0x0000000716800000, 0x0000000716800000| Untracked 
|  89|0x0000000716900000, 0x0000000716900000, 0x0000000716a00000|  0%| F|  |TAMS 0x0000000716900000, 0x0000000716900000| Untracked 
|  90|0x0000000716a00000, 0x0000000716a00000, 0x0000000716b00000|  0%| F|  |TAMS 0x0000000716a00000, 0x0000000716a00000| Untracked 
|  91|0x0000000716b00000, 0x0000000716b00000, 0x0000000716c00000|  0%| F|  |TAMS 0x0000000716b00000, 0x0000000716b00000| Untracked 
|  92|0x0000000716c00000, 0x0000000716c00000, 0x0000000716d00000|  0%| F|  |TAMS 0x0000000716c00000, 0x0000000716c00000| Untracked 
|  93|0x0000000716d00000, 0x0000000716d00000, 0x0000000716e00000|  0%| F|  |TAMS 0x0000000716d00000, 0x0000000716d00000| Untracked 
|  94|0x0000000716e00000, 0x0000000716e00000, 0x0000000716f00000|  0%| F|  |TAMS 0x0000000716e00000, 0x0000000716e00000| Untracked 
|  95|0x0000000716f00000, 0x0000000716f00000, 0x0000000717000000|  0%| F|  |TAMS 0x0000000716f00000, 0x0000000716f00000| Untracked 
|  96|0x0000000717000000, 0x0000000717000000, 0x0000000717100000|  0%| F|  |TAMS 0x0000000717000000, 0x0000000717000000| Untracked 
|  97|0x0000000717100000, 0x0000000717100000, 0x0000000717200000|  0%| F|  |TAMS 0x0000000717100000, 0x0000000717100000| Untracked 
|  98|0x0000000717200000, 0x0000000717200000, 0x0000000717300000|  0%| F|  |TAMS 0x0000000717200000, 0x0000000717200000| Untracked 
|  99|0x0000000717300000, 0x0000000717300000, 0x0000000717400000|  0%| F|  |TAMS 0x0000000717300000, 0x0000000717300000| Untracked 
| 100|0x0000000717400000, 0x0000000717400000, 0x0000000717500000|  0%| F|  |TAMS 0x0000000717400000, 0x0000000717400000| Untracked 
| 101|0x0000000717500000, 0x0000000717500000, 0x0000000717600000|  0%| F|  |TAMS 0x0000000717500000, 0x0000000717500000| Untracked 
| 102|0x0000000717600000, 0x0000000717600000, 0x0000000717700000|  0%| F|  |TAMS 0x0000000717600000, 0x0000000717600000| Untracked 
| 103|0x0000000717700000, 0x0000000717700000, 0x0000000717800000|  0%| F|  |TAMS 0x0000000717700000, 0x0000000717700000| Untracked 
| 104|0x0000000717800000, 0x0000000717800000, 0x0000000717900000|  0%| F|  |TAMS 0x0000000717800000, 0x0000000717800000| Untracked 
| 105|0x0000000717900000, 0x0000000717900000, 0x0000000717a00000|  0%| F|  |TAMS 0x0000000717900000, 0x0000000717900000| Untracked 
| 106|0x0000000717a00000, 0x0000000717a00000, 0x0000000717b00000|  0%| F|  |TAMS 0x0000000717a00000, 0x0000000717a00000| Untracked 
| 107|0x0000000717b00000, 0x0000000717b00000, 0x0000000717c00000|  0%| F|  |TAMS 0x0000000717b00000, 0x0000000717b00000| Untracked 
| 108|0x0000000717c00000, 0x0000000717c00000, 0x0000000717d00000|  0%| F|  |TAMS 0x0000000717c00000, 0x0000000717c00000| Untracked 
| 109|0x0000000717d00000, 0x0000000717d00000, 0x0000000717e00000|  0%| F|  |TAMS 0x0000000717d00000, 0x0000000717d00000| Untracked 
| 110|0x0000000717e00000, 0x0000000717e00000, 0x0000000717f00000|  0%| F|  |TAMS 0x0000000717e00000, 0x0000000717e00000| Untracked 
| 111|0x0000000717f00000, 0x0000000717f00000, 0x0000000718000000|  0%| F|  |TAMS 0x0000000717f00000, 0x0000000717f00000| Untracked 
| 112|0x0000000718000000, 0x0000000718000000, 0x0000000718100000|  0%| F|  |TAMS 0x0000000718000000, 0x0000000718000000| Untracked 
| 113|0x0000000718100000, 0x0000000718100000, 0x0000000718200000|  0%| F|  |TAMS 0x0000000718100000, 0x0000000718100000| Untracked 
| 114|0x0000000718200000, 0x0000000718200000, 0x0000000718300000|  0%| F|  |TAMS 0x0000000718200000, 0x0000000718200000| Untracked 
| 115|0x0000000718300000, 0x0000000718300000, 0x0000000718400000|  0%| F|  |TAMS 0x0000000718300000, 0x0000000718300000| Untracked 
| 116|0x0000000718400000, 0x0000000718400000, 0x0000000718500000|  0%| F|  |TAMS 0x0000000718400000, 0x0000000718400000| Untracked 
| 117|0x0000000718500000, 0x0000000718500000, 0x0000000718600000|  0%| F|  |TAMS 0x0000000718500000, 0x0000000718500000| Untracked 
| 118|0x0000000718600000, 0x0000000718600000, 0x0000000718700000|  0%| F|  |TAMS 0x0000000718600000, 0x0000000718600000| Untracked 
| 119|0x0000000718700000, 0x0000000718700000, 0x0000000718800000|  0%| F|  |TAMS 0x0000000718700000, 0x0000000718700000| Untracked 
| 120|0x0000000718800000, 0x0000000718800000, 0x0000000718900000|  0%| F|  |TAMS 0x0000000718800000, 0x0000000718800000| Untracked 
| 121|0x0000000718900000, 0x0000000718900000, 0x0000000718a00000|  0%| F|  |TAMS 0x0000000718900000, 0x0000000718900000| Untracked 
| 122|0x0000000718a00000, 0x0000000718a00000, 0x0000000718b00000|  0%| F|  |TAMS 0x0000000718a00000, 0x0000000718a00000| Untracked 
| 123|0x0000000718b00000, 0x0000000718b00000, 0x0000000718c00000|  0%| F|  |TAMS 0x0000000718b00000, 0x0000000718b00000| Untracked 
| 124|0x0000000718c00000, 0x0000000718c00000, 0x0000000718d00000|  0%| F|  |TAMS 0x0000000718c00000, 0x0000000718c00000| Untracked 
| 125|0x0000000718d00000, 0x0000000718d00000, 0x0000000718e00000|  0%| F|  |TAMS 0x0000000718d00000, 0x0000000718d00000| Untracked 
| 126|0x0000000718e00000, 0x0000000718e00000, 0x0000000718f00000|  0%| F|  |TAMS 0x0000000718e00000, 0x0000000718e00000| Untracked 
| 127|0x0000000718f00000, 0x0000000718f00000, 0x0000000719000000|  0%| F|  |TAMS 0x0000000718f00000, 0x0000000718f00000| Untracked 
| 128|0x0000000719000000, 0x0000000719000000, 0x0000000719100000|  0%| F|  |TAMS 0x0000000719000000, 0x0000000719000000| Untracked 
| 129|0x0000000719100000, 0x0000000719100000, 0x0000000719200000|  0%| F|  |TAMS 0x0000000719100000, 0x0000000719100000| Untracked 
| 130|0x0000000719200000, 0x0000000719200000, 0x0000000719300000|  0%| F|  |TAMS 0x0000000719200000, 0x0000000719200000| Untracked 
| 131|0x0000000719300000, 0x0000000719300000, 0x0000000719400000|  0%| F|  |TAMS 0x0000000719300000, 0x0000000719300000| Untracked 
| 132|0x0000000719400000, 0x0000000719400000, 0x0000000719500000|  0%| F|  |TAMS 0x0000000719400000, 0x0000000719400000| Untracked 
| 133|0x0000000719500000, 0x0000000719500000, 0x0000000719600000|  0%| F|  |TAMS 0x0000000719500000, 0x0000000719500000| Untracked 
| 134|0x0000000719600000, 0x0000000719600000, 0x0000000719700000|  0%| F|  |TAMS 0x0000000719600000, 0x0000000719600000| Untracked 
| 135|0x0000000719700000, 0x0000000719700000, 0x0000000719800000|  0%| F|  |TAMS 0x0000000719700000, 0x0000000719700000| Untracked 
| 136|0x0000000719800000, 0x0000000719800000, 0x0000000719900000|  0%| F|  |TAMS 0x0000000719800000, 0x0000000719800000| Untracked 
| 137|0x0000000719900000, 0x0000000719900000, 0x0000000719a00000|  0%| F|  |TAMS 0x0000000719900000, 0x0000000719900000| Untracked 
| 138|0x0000000719a00000, 0x0000000719a00000, 0x0000000719b00000|  0%| F|  |TAMS 0x0000000719a00000, 0x0000000719a00000| Untracked 
| 139|0x0000000719b00000, 0x0000000719b00000, 0x0000000719c00000|  0%| F|  |TAMS 0x0000000719b00000, 0x0000000719b00000| Untracked 
| 140|0x0000000719c00000, 0x0000000719c00000, 0x0000000719d00000|  0%| F|  |TAMS 0x0000000719c00000, 0x0000000719c00000| Untracked 
| 141|0x0000000719d00000, 0x0000000719d00000, 0x0000000719e00000|  0%| F|  |TAMS 0x0000000719d00000, 0x0000000719d00000| Untracked 
| 142|0x0000000719e00000, 0x0000000719e00000, 0x0000000719f00000|  0%| F|  |TAMS 0x0000000719e00000, 0x0000000719e00000| Untracked 
| 143|0x0000000719f00000, 0x0000000719f00000, 0x000000071a000000|  0%| F|  |TAMS 0x0000000719f00000, 0x0000000719f00000| Untracked 
| 144|0x000000071a000000, 0x000000071a000000, 0x000000071a100000|  0%| F|  |TAMS 0x000000071a000000, 0x000000071a000000| Untracked 
| 145|0x000000071a100000, 0x000000071a100000, 0x000000071a200000|  0%| F|  |TAMS 0x000000071a100000, 0x000000071a100000| Untracked 
| 146|0x000000071a200000, 0x000000071a200000, 0x000000071a300000|  0%| F|  |TAMS 0x000000071a200000, 0x000000071a200000| Untracked 
| 147|0x000000071a300000, 0x000000071a300000, 0x000000071a400000|  0%| F|  |TAMS 0x000000071a300000, 0x000000071a300000| Untracked 
| 148|0x000000071a400000, 0x000000071a400000, 0x000000071a500000|  0%| F|  |TAMS 0x000000071a400000, 0x000000071a400000| Untracked 
| 149|0x000000071a500000, 0x000000071a500000, 0x000000071a600000|  0%| F|  |TAMS 0x000000071a500000, 0x000000071a500000| Untracked 
| 150|0x000000071a600000, 0x000000071a600000, 0x000000071a700000|  0%| F|  |TAMS 0x000000071a600000, 0x000000071a600000| Untracked 
| 151|0x000000071a700000, 0x000000071a700000, 0x000000071a800000|  0%| F|  |TAMS 0x000000071a700000, 0x000000071a700000| Untracked 
| 152|0x000000071a800000, 0x000000071a800000, 0x000000071a900000|  0%| F|  |TAMS 0x000000071a800000, 0x000000071a800000| Untracked 
| 153|0x000000071a900000, 0x000000071a900000, 0x000000071aa00000|  0%| F|  |TAMS 0x000000071a900000, 0x000000071a900000| Untracked 
| 154|0x000000071aa00000, 0x000000071aa00000, 0x000000071ab00000|  0%| F|  |TAMS 0x000000071aa00000, 0x000000071aa00000| Untracked 
| 155|0x000000071ab00000, 0x000000071ab00000, 0x000000071ac00000|  0%| F|  |TAMS 0x000000071ab00000, 0x000000071ab00000| Untracked 
| 156|0x000000071ac00000, 0x000000071ac00000, 0x000000071ad00000|  0%| F|  |TAMS 0x000000071ac00000, 0x000000071ac00000| Untracked 
| 157|0x000000071ad00000, 0x000000071ad00000, 0x000000071ae00000|  0%| F|  |TAMS 0x000000071ad00000, 0x000000071ad00000| Untracked 
| 158|0x000000071ae00000, 0x000000071ae00000, 0x000000071af00000|  0%| F|  |TAMS 0x000000071ae00000, 0x000000071ae00000| Untracked 
| 159|0x000000071af00000, 0x000000071af00000, 0x000000071b000000|  0%| F|  |TAMS 0x000000071af00000, 0x000000071af00000| Untracked 
| 160|0x000000071b000000, 0x000000071b000000, 0x000000071b100000|  0%| F|  |TAMS 0x000000071b000000, 0x000000071b000000| Untracked 
| 161|0x000000071b100000, 0x000000071b100000, 0x000000071b200000|  0%| F|  |TAMS 0x000000071b100000, 0x000000071b100000| Untracked 
| 162|0x000000071b200000, 0x000000071b200000, 0x000000071b300000|  0%| F|  |TAMS 0x000000071b200000, 0x000000071b200000| Untracked 
| 163|0x000000071b300000, 0x000000071b300000, 0x000000071b400000|  0%| F|  |TAMS 0x000000071b300000, 0x000000071b300000| Untracked 
| 164|0x000000071b400000, 0x000000071b400000, 0x000000071b500000|  0%| F|  |TAMS 0x000000071b400000, 0x000000071b400000| Untracked 
| 165|0x000000071b500000, 0x000000071b500000, 0x000000071b600000|  0%| F|  |TAMS 0x000000071b500000, 0x000000071b500000| Untracked 
| 166|0x000000071b600000, 0x000000071b600000, 0x000000071b700000|  0%| F|  |TAMS 0x000000071b600000, 0x000000071b600000| Untracked 
| 167|0x000000071b700000, 0x000000071b700000, 0x000000071b800000|  0%| F|  |TAMS 0x000000071b700000, 0x000000071b700000| Untracked 
| 168|0x000000071b800000, 0x000000071b800000, 0x000000071b900000|  0%| F|  |TAMS 0x000000071b800000, 0x000000071b800000| Untracked 
| 169|0x000000071b900000, 0x000000071b900000, 0x000000071ba00000|  0%| F|  |TAMS 0x000000071b900000, 0x000000071b900000| Untracked 
| 170|0x000000071ba00000, 0x000000071ba00000, 0x000000071bb00000|  0%| F|  |TAMS 0x000000071ba00000, 0x000000071ba00000| Untracked 
| 171|0x000000071bb00000, 0x000000071bb00000, 0x000000071bc00000|  0%| F|  |TAMS 0x000000071bb00000, 0x000000071bb00000| Untracked 
| 172|0x000000071bc00000, 0x000000071bc00000, 0x000000071bd00000|  0%| F|  |TAMS 0x000000071bc00000, 0x000000071bc00000| Untracked 
| 173|0x000000071bd00000, 0x000000071bd00000, 0x000000071be00000|  0%| F|  |TAMS 0x000000071bd00000, 0x000000071bd00000| Untracked 
| 174|0x000000071be00000, 0x000000071be00000, 0x000000071bf00000|  0%| F|  |TAMS 0x000000071be00000, 0x000000071be00000| Untracked 
| 175|0x000000071bf00000, 0x000000071bf00000, 0x000000071c000000|  0%| F|  |TAMS 0x000000071bf00000, 0x000000071bf00000| Untracked 
| 176|0x000000071c000000, 0x000000071c000000, 0x000000071c100000|  0%| F|  |TAMS 0x000000071c000000, 0x000000071c000000| Untracked 
| 177|0x000000071c100000, 0x000000071c100000, 0x000000071c200000|  0%| F|  |TAMS 0x000000071c100000, 0x000000071c100000| Untracked 
| 178|0x000000071c200000, 0x000000071c200000, 0x000000071c300000|  0%| F|  |TAMS 0x000000071c200000, 0x000000071c200000| Untracked 
| 179|0x000000071c300000, 0x000000071c300000, 0x000000071c400000|  0%| F|  |TAMS 0x000000071c300000, 0x000000071c300000| Untracked 
| 180|0x000000071c400000, 0x000000071c400000, 0x000000071c500000|  0%| F|  |TAMS 0x000000071c400000, 0x000000071c400000| Untracked 
| 181|0x000000071c500000, 0x000000071c500000, 0x000000071c600000|  0%| F|  |TAMS 0x000000071c500000, 0x000000071c500000| Untracked 
| 182|0x000000071c600000, 0x000000071c600000, 0x000000071c700000|  0%| F|  |TAMS 0x000000071c600000, 0x000000071c600000| Untracked 
| 183|0x000000071c700000, 0x000000071c700000, 0x000000071c800000|  0%| F|  |TAMS 0x000000071c700000, 0x000000071c700000| Untracked 
| 184|0x000000071c800000, 0x000000071c800000, 0x000000071c900000|  0%| F|  |TAMS 0x000000071c800000, 0x000000071c800000| Untracked 
| 185|0x000000071c900000, 0x000000071c900000, 0x000000071ca00000|  0%| F|  |TAMS 0x000000071c900000, 0x000000071c900000| Untracked 
| 186|0x000000071ca00000, 0x000000071ca00000, 0x000000071cb00000|  0%| F|  |TAMS 0x000000071ca00000, 0x000000071ca00000| Untracked 
| 187|0x000000071cb00000, 0x000000071cb00000, 0x000000071cc00000|  0%| F|  |TAMS 0x000000071cb00000, 0x000000071cb00000| Untracked 
| 188|0x000000071cc00000, 0x000000071cc00000, 0x000000071cd00000|  0%| F|  |TAMS 0x000000071cc00000, 0x000000071cc00000| Untracked 
| 189|0x000000071cd00000, 0x000000071cd00000, 0x000000071ce00000|  0%| F|  |TAMS 0x000000071cd00000, 0x000000071cd00000| Untracked 
| 190|0x000000071ce00000, 0x000000071ce00000, 0x000000071cf00000|  0%| F|  |TAMS 0x000000071ce00000, 0x000000071ce00000| Untracked 
| 191|0x000000071cf00000, 0x000000071cf00000, 0x000000071d000000|  0%| F|  |TAMS 0x000000071cf00000, 0x000000071cf00000| Untracked 
| 192|0x000000071d000000, 0x000000071d000000, 0x000000071d100000|  0%| F|  |TAMS 0x000000071d000000, 0x000000071d000000| Untracked 
| 193|0x000000071d100000, 0x000000071d185d80, 0x000000071d200000| 52%| S|CS|TAMS 0x000000071d100000, 0x000000071d100000| Complete 
| 194|0x000000071d200000, 0x000000071d300000, 0x000000071d300000|100%| S|CS|TAMS 0x000000071d200000, 0x000000071d200000| Complete 
| 195|0x000000071d300000, 0x000000071d400000, 0x000000071d400000|100%| S|CS|TAMS 0x000000071d300000, 0x000000071d300000| Complete 
| 196|0x000000071d400000, 0x000000071d500000, 0x000000071d500000|100%| S|CS|TAMS 0x000000071d400000, 0x000000071d400000| Complete 
| 197|0x000000071d500000, 0x000000071d600000, 0x000000071d600000|100%| S|CS|TAMS 0x000000071d500000, 0x000000071d500000| Complete 
| 198|0x000000071d600000, 0x000000071d700000, 0x000000071d700000|100%| S|CS|TAMS 0x000000071d600000, 0x000000071d600000| Complete 
| 199|0x000000071d700000, 0x000000071d800000, 0x000000071d800000|100%| S|CS|TAMS 0x000000071d700000, 0x000000071d700000| Complete 
| 200|0x000000071d800000, 0x000000071d800000, 0x000000071d900000|  0%| F|  |TAMS 0x000000071d800000, 0x000000071d800000| Untracked 
| 201|0x000000071d900000, 0x000000071d900000, 0x000000071da00000|  0%| F|  |TAMS 0x000000071d900000, 0x000000071d900000| Untracked 
| 202|0x000000071da00000, 0x000000071da00000, 0x000000071db00000|  0%| F|  |TAMS 0x000000071da00000, 0x000000071da00000| Untracked 
| 203|0x000000071db00000, 0x000000071db00000, 0x000000071dc00000|  0%| F|  |TAMS 0x000000071db00000, 0x000000071db00000| Untracked 
| 204|0x000000071dc00000, 0x000000071dc00000, 0x000000071dd00000|  0%| F|  |TAMS 0x000000071dc00000, 0x000000071dc00000| Untracked 
| 205|0x000000071dd00000, 0x000000071dd00000, 0x000000071de00000|  0%| F|  |TAMS 0x000000071dd00000, 0x000000071dd00000| Untracked 
| 206|0x000000071de00000, 0x000000071de00000, 0x000000071df00000|  0%| F|  |TAMS 0x000000071de00000, 0x000000071de00000| Untracked 
| 207|0x000000071df00000, 0x000000071df00000, 0x000000071e000000|  0%| F|  |TAMS 0x000000071df00000, 0x000000071df00000| Untracked 
| 208|0x000000071e000000, 0x000000071e000000, 0x000000071e100000|  0%| F|  |TAMS 0x000000071e000000, 0x000000071e000000| Untracked 
| 209|0x000000071e100000, 0x000000071e100000, 0x000000071e200000|  0%| F|  |TAMS 0x000000071e100000, 0x000000071e100000| Untracked 
| 210|0x000000071e200000, 0x000000071e200000, 0x000000071e300000|  0%| F|  |TAMS 0x000000071e200000, 0x000000071e200000| Untracked 
| 211|0x000000071e300000, 0x000000071e400000, 0x000000071e400000|100%| E|  |TAMS 0x000000071e300000, 0x000000071e300000| Complete 
| 212|0x000000071e400000, 0x000000071e500000, 0x000000071e500000|100%| E|CS|TAMS 0x000000071e400000, 0x000000071e400000| Complete 
| 213|0x000000071e500000, 0x000000071e600000, 0x000000071e600000|100%| E|CS|TAMS 0x000000071e500000, 0x000000071e500000| Complete 
| 214|0x000000071e600000, 0x000000071e700000, 0x000000071e700000|100%| E|CS|TAMS 0x000000071e600000, 0x000000071e600000| Complete 
| 215|0x000000071e700000, 0x000000071e800000, 0x000000071e800000|100%| E|CS|TAMS 0x000000071e700000, 0x000000071e700000| Complete 
| 216|0x000000071e800000, 0x000000071e900000, 0x000000071e900000|100%| E|CS|TAMS 0x000000071e800000, 0x000000071e800000| Complete 
| 217|0x000000071e900000, 0x000000071ea00000, 0x000000071ea00000|100%| E|CS|TAMS 0x000000071e900000, 0x000000071e900000| Complete 
| 218|0x000000071ea00000, 0x000000071eb00000, 0x000000071eb00000|100%| E|CS|TAMS 0x000000071ea00000, 0x000000071ea00000| Complete 
| 219|0x000000071eb00000, 0x000000071ec00000, 0x000000071ec00000|100%| E|CS|TAMS 0x000000071eb00000, 0x000000071eb00000| Complete 
| 220|0x000000071ec00000, 0x000000071ed00000, 0x000000071ed00000|100%| E|CS|TAMS 0x000000071ec00000, 0x000000071ec00000| Complete 
| 221|0x000000071ed00000, 0x000000071ee00000, 0x000000071ee00000|100%| E|CS|TAMS 0x000000071ed00000, 0x000000071ed00000| Complete 
| 222|0x000000071ee00000, 0x000000071ef00000, 0x000000071ef00000|100%| E|CS|TAMS 0x000000071ee00000, 0x000000071ee00000| Complete 
| 223|0x000000071ef00000, 0x000000071f000000, 0x000000071f000000|100%| E|CS|TAMS 0x000000071ef00000, 0x000000071ef00000| Complete 
| 224|0x000000071f000000, 0x000000071f100000, 0x000000071f100000|100%| E|CS|TAMS 0x000000071f000000, 0x000000071f000000| Complete 
| 225|0x000000071f100000, 0x000000071f200000, 0x000000071f200000|100%| E|CS|TAMS 0x000000071f100000, 0x000000071f100000| Complete 
| 226|0x000000071f200000, 0x000000071f300000, 0x000000071f300000|100%| E|CS|TAMS 0x000000071f200000, 0x000000071f200000| Complete 
| 227|0x000000071f300000, 0x000000071f400000, 0x000000071f400000|100%| E|CS|TAMS 0x000000071f300000, 0x000000071f300000| Complete 
| 228|0x000000071f400000, 0x000000071f500000, 0x000000071f500000|100%| E|CS|TAMS 0x000000071f400000, 0x000000071f400000| Complete 
| 229|0x000000071f500000, 0x000000071f600000, 0x000000071f600000|100%| E|CS|TAMS 0x000000071f500000, 0x000000071f500000| Complete 
| 230|0x000000071f600000, 0x000000071f700000, 0x000000071f700000|100%| E|CS|TAMS 0x000000071f600000, 0x000000071f600000| Complete 
| 231|0x000000071f700000, 0x000000071f800000, 0x000000071f800000|100%| E|CS|TAMS 0x000000071f700000, 0x000000071f700000| Complete 
| 232|0x000000071f800000, 0x000000071f900000, 0x000000071f900000|100%| E|CS|TAMS 0x000000071f800000, 0x000000071f800000| Complete 
| 233|0x000000071f900000, 0x000000071fa00000, 0x000000071fa00000|100%| E|CS|TAMS 0x000000071f900000, 0x000000071f900000| Complete 
| 234|0x000000071fa00000, 0x000000071fb00000, 0x000000071fb00000|100%| E|CS|TAMS 0x000000071fa00000, 0x000000071fa00000| Complete 
| 235|0x000000071fb00000, 0x000000071fc00000, 0x000000071fc00000|100%| E|CS|TAMS 0x000000071fb00000, 0x000000071fb00000| Complete 
| 236|0x000000071fc00000, 0x000000071fd00000, 0x000000071fd00000|100%| E|CS|TAMS 0x000000071fc00000, 0x000000071fc00000| Complete 
| 237|0x000000071fd00000, 0x000000071fe00000, 0x000000071fe00000|100%| E|CS|TAMS 0x000000071fd00000, 0x000000071fd00000| Complete 
| 238|0x000000071fe00000, 0x000000071ff00000, 0x000000071ff00000|100%| E|CS|TAMS 0x000000071fe00000, 0x000000071fe00000| Complete 
| 239|0x000000071ff00000, 0x0000000720000000, 0x0000000720000000|100%| E|CS|TAMS 0x000000071ff00000, 0x000000071ff00000| Complete 

Card table byte_map: [0x0000026c8f000000,0x0000026c8f780000] _byte_map_base: 0x0000026c8b778000

Marking Bits (Prev, Next): (CMBitMap*) 0x0000026cfb78da80, (CMBitMap*) 0x0000026cfb78da48
 Prev Bits: [0x0000026c93ac0000, 0x0000026c97680000)
 Next Bits: [0x0000026c8ff00000, 0x0000026c93ac0000)

Polling page: 0x0000026cf9720000

Metaspace:

Usage:
  Non-class:     25.72 MB capacity,    25.45 MB ( 99%) used,   241.58 KB ( <1%) free+waste,    44.56 KB ( <1%) overhead. 
      Class:      3.56 MB capacity,     3.42 MB ( 96%) used,   125.38 KB (  3%) free+waste,    20.63 KB ( <1%) overhead. 
       Both:     29.28 MB capacity,    28.86 MB ( 99%) used,   366.96 KB (  1%) free+waste,    65.19 KB ( <1%) overhead. 

Virtual space:
  Non-class space:       26.00 MB reserved,      25.75 MB (>99%) committed 
      Class space:        1.00 GB reserved,       3.63 MB ( <1%) committed 
             Both:        1.03 GB reserved,      29.38 MB (  3%) committed 

Chunk freelists:
   Non-Class:  26.00 KB
       Class:  5.00 KB
        Both:  31.00 KB

MaxMetaspaceSize: 17179869184.00 GB
CompressedClassSpaceSize: 1.00 GB

CodeHeap 'non-profiled nmethods': size=120000Kb used=680Kb max_used=680Kb free=119319Kb
 bounds [0x0000026c87ad0000, 0x0000026c87d40000, 0x0000026c8f000000]
CodeHeap 'profiled nmethods': size=120000Kb used=3877Kb max_used=3877Kb free=116122Kb
 bounds [0x0000026c805a0000, 0x0000026c80970000, 0x0000026c87ad0000]
CodeHeap 'non-nmethods': size=5760Kb used=1162Kb max_used=1181Kb free=4597Kb
 bounds [0x0000026c80000000, 0x0000026c80270000, 0x0000026c805a0000]
 total_blobs=2518 nmethods=2016 adapters=413
 compilation: enabled
              stopped_count=0, restarted_count=0
 full_count=0

Compilation events (20 events):
Event: 1.908 Thread 0x0000026c9a6ca800 2007       3       java.lang.reflect.ProxyGenerator$ConstantPool$ValueEntry::write (190 bytes)
Event: 1.909 Thread 0x0000026c9a88f000 nmethod 2004 0x0000026c87b76410 code [0x0000026c87b765c0, 0x0000026c87b76798]
Event: 1.909 Thread 0x0000026c9a88f000 2006       4       java.io.DataOutputStream::writeUTF (435 bytes)
Event: 1.909 Thread 0x0000026c9a6ca800 nmethod 2007 0x0000026c8095fc10 code [0x0000026c80960080, 0x0000026c80962688]
Event: 1.909 Thread 0x0000026c9a6ca800 2001       3       sun.reflect.annotation.AnnotationType::getInstance (65 bytes)
Event: 1.910 Thread 0x0000026c9a6ca800 nmethod 2001 0x0000026c80963010 code [0x0000026c80963220, 0x0000026c80963868]
Event: 1.910 Thread 0x0000026c9a6ca800 2002       3       java.lang.System$2::getAnnotationType (5 bytes)
Event: 1.910 Thread 0x0000026c9a6ca800 nmethod 2002 0x0000026c80963b10 code [0x0000026c80963cc0, 0x0000026c80963dd8]
Event: 1.910 Thread 0x0000026c9a6ca800 2008       1       jdk.internal.reflect.NativeConstructorAccessorImpl::setParent (6 bytes)
Event: 1.910 Thread 0x0000026c9a6ca800 nmethod 2008 0x0000026c87b76890 code [0x0000026c87b76a40, 0x0000026c87b76b58]
Event: 1.912 Thread 0x0000026c9a6be000 nmethod 2005 0x0000026c87b76c10 code [0x0000026c87b76dc0, 0x0000026c87b77278]
Event: 1.917 Thread 0x0000026c9a6ca800 2009       3       sun.invoke.util.VerifyAccess::isMemberAccessible (313 bytes)
Event: 1.920 Thread 0x0000026c9a6ca800 nmethod 2009 0x0000026c80963e90 code [0x0000026c80964360, 0x0000026c80966568]
Event: 1.943 Thread 0x0000026c9a88f000 nmethod 2006 0x0000026c87b77610 code [0x0000026c87b77880, 0x0000026c87b794a0]
Event: 1.982 Thread 0x0000026c9a6ca800 2011       1       java.lang.reflect.Constructor::getSharedParameterTypes (5 bytes)
Event: 1.982 Thread 0x0000026c9a6ca800 nmethod 2011 0x0000026c87b79f10 code [0x0000026c87b7a0c0, 0x0000026c87b7a178]
Event: 2.001 Thread 0x0000026c9a6ca800 2012       3       jdk.internal.reflect.ReflectionFactory::getExecutableSharedParameterTypes (10 bytes)
Event: 2.001 Thread 0x0000026c9a6ca800 nmethod 2012 0x0000026c80966f90 code [0x0000026c80967180, 0x0000026c80967528]
Event: 2.001 Thread 0x0000026c9a6ca800 2013       3       java.lang.reflect.ReflectAccess::getExecutableSharedParameterTypes (5 bytes)
Event: 2.001 Thread 0x0000026c9a6ca800 nmethod 2013 0x0000026c80967690 code [0x0000026c80967840, 0x0000026c80967a08]

GC Heap History (4 events):
Event: 0.702 GC heap before
{Heap before GC invocations=0 (full 0):
 garbage-first heap   total 245760K, used 27648K [0x0000000711000000, 0x0000000800000000)
  region size 1024K, 24 young (24576K), 0 survivors (0K)
 Metaspace       used 12196K, capacity 12277K, committed 12544K, reserved 1060864K
  class space    used 1139K, capacity 1174K, committed 1280K, reserved 1048576K
}
Event: 0.705 GC heap after
{Heap after GC invocations=1 (full 0):
 garbage-first heap   total 245760K, used 5812K [0x0000000711000000, 0x0000000800000000)
  region size 1024K, 3 young (3072K), 3 survivors (3072K)
 Metaspace       used 12196K, capacity 12277K, committed 12544K, reserved 1060864K
  class space    used 1139K, capacity 1174K, committed 1280K, reserved 1048576K
}
Event: 1.398 GC heap before
{Heap before GC invocations=1 (full 0):
 garbage-first heap   total 245760K, used 42676K [0x0000000711000000, 0x0000000800000000)
  region size 1024K, 40 young (40960K), 3 survivors (3072K)
 Metaspace       used 20932K, capacity 21194K, committed 21248K, reserved 1069056K
  class space    used 2205K, capacity 2297K, committed 2304K, reserved 1048576K
}
Event: 1.409 GC heap after
{Heap after GC invocations=2 (full 0):
 garbage-first heap   total 245760K, used 9751K [0x0000000711000000, 0x0000000800000000)
  region size 1024K, 7 young (7168K), 7 survivors (7168K)
 Metaspace       used 20932K, capacity 21194K, committed 21248K, reserved 1069056K
  class space    used 2205K, capacity 2297K, committed 2304K, reserved 1048576K
}

Deoptimization events (20 events):
Event: 1.687 Thread 0x0000026cfb731000 Uncommon trap: trap_request=0xffffff4d fr.pc=0x0000026c87b5f8ec relative=0x000000000000014c
Event: 1.687 Thread 0x0000026cfb731000 Uncommon trap: reason=unstable_if action=reinterpret pc=0x0000026c87b5f8ec method=jdk.nio.zipfs.ZipFileSystem.getParentOff([B)I @ 21 c2
Event: 1.687 Thread 0x0000026cfb731000 DEOPT PACKING pc=0x0000026c87b5f8ec sp=0x000000bb5b2fe590
Event: 1.687 Thread 0x0000026cfb731000 DEOPT UNPACKING pc=0x0000026c8002772f sp=0x000000bb5b2fe528 mode 2
Event: 1.687 Thread 0x0000026cfb731000 Uncommon trap: trap_request=0xffffff4d fr.pc=0x0000026c87b60408 relative=0x00000000000001c8
Event: 1.687 Thread 0x0000026cfb731000 Uncommon trap: reason=unstable_if action=reinterpret pc=0x0000026c87b60408 method=jdk.internal.util.ArraysSupport.mismatch([BI[BII)I @ 7 c2
Event: 1.687 Thread 0x0000026cfb731000 DEOPT PACKING pc=0x0000026c87b60408 sp=0x000000bb5b2fe510
Event: 1.687 Thread 0x0000026cfb731000 DEOPT UNPACKING pc=0x0000026c8002772f sp=0x000000bb5b2fe390 mode 2
Event: 1.697 Thread 0x0000026cfb731000 Uncommon trap: trap_request=0xffffff6e fr.pc=0x0000026c87b50dec relative=0x00000000000014ac
Event: 1.697 Thread 0x0000026cfb731000 Uncommon trap: reason=speculate_class_check action=maybe_recompile pc=0x0000026c87b50dec method=java.util.zip.InflaterInputStream.read([BII)I @ 100 c2
Event: 1.697 Thread 0x0000026cfb731000 DEOPT PACKING pc=0x0000026c87b50dec sp=0x000000bb5b2fe640
Event: 1.697 Thread 0x0000026cfb731000 DEOPT UNPACKING pc=0x0000026c8002772f sp=0x000000bb5b2fe6a0 mode 2
Event: 1.760 Thread 0x0000026cfb731000 Uncommon trap: trap_request=0xffffff4d fr.pc=0x0000026c87b6f6b8 relative=0x00000000000005f8
Event: 1.760 Thread 0x0000026cfb731000 Uncommon trap: reason=unstable_if action=reinterpret pc=0x0000026c87b6f6b8 method=java.lang.Integer.getChars(II[B)I @ 25 c2
Event: 1.760 Thread 0x0000026cfb731000 DEOPT PACKING pc=0x0000026c87b6f6b8 sp=0x000000bb5b2fd530
Event: 1.760 Thread 0x0000026cfb731000 DEOPT UNPACKING pc=0x0000026c8002772f sp=0x000000bb5b2fd420 mode 2
Event: 1.783 Thread 0x0000026cfb731000 Uncommon trap: trap_request=0xffffff4d fr.pc=0x0000026c87b454b8 relative=0x0000000000000198
Event: 1.783 Thread 0x0000026cfb731000 Uncommon trap: reason=unstable_if action=reinterpret pc=0x0000026c87b454b8 method=java.lang.String.startsWith(Ljava/lang/String;I)Z @ 1 c2
Event: 1.783 Thread 0x0000026cfb731000 DEOPT PACKING pc=0x0000026c87b454b8 sp=0x000000bb5b2fdfa0
Event: 1.783 Thread 0x0000026cfb731000 DEOPT UNPACKING pc=0x0000026c8002772f sp=0x000000bb5b2fdf10 mode 2

Classes redefined (0 events):
No events

Internal exceptions (18 events):
Event: 1.143 Thread 0x0000026cfb731000 Exception <a 'java/lang/NoSuchMethodError'{0x000000071ea6eff8}: 'int java.lang.invoke.DirectMethodHandle$Holder.invokeSpecialIFC(java.lang.Object, java.lang.Object, int)'> (0x000000071ea6eff8) thrown at [./src/hotspot/share/interpreter/linkResolver.cpp, line 773]
Event: 1.315 Thread 0x0000026cfb731000 Exception <a 'java/lang/NoSuchMethodError'{0x000000071dd2efa8}: 'java.lang.Object java.lang.invoke.DirectMethodHandle$Holder.invokeStaticInit(java.lang.Object, int)'> (0x000000071dd2efa8) thrown at [./src/hotspot/share/interpreter/linkResolver.cpp, line 773]
Event: 1.340 Thread 0x0000026cfb731000 Exception <a 'java/lang/NoSuchMethodError'{0x000000071dcb90a0}: 'long java.lang.invoke.DirectMethodHandle$Holder.invokeStatic(java.lang.Object)'> (0x000000071dcb90a0) thrown at [./src/hotspot/share/interpreter/linkResolver.cpp, line 773]
Event: 1.341 Thread 0x0000026cfb731000 Exception <a 'java/lang/NoSuchMethodError'{0x000000071dcbbef8}: 'long java.lang.invoke.DirectMethodHandle$Holder.invokeStaticInit(java.lang.Object)'> (0x000000071dcbbef8) thrown at [./src/hotspot/share/interpreter/linkResolver.cpp, line 773]
Event: 1.392 Thread 0x0000026cfb731000 Exception <a 'java/lang/NoSuchMethodError'{0x000000071d823ad8}: 'int java.lang.invoke.DirectMethodHandle$Holder.invokeStaticInit(java.lang.Object, java.lang.Object, java.lang.Object)'> (0x000000071d823ad8) thrown at [./src/hotspot/share/interpreter/linkResolver.cpp, line 773]
Event: 1.396 Thread 0x0000026cfb731000 Exception <a 'java/lang/NoSuchMethodError'{0x000000071d84ed68}: 'int java.lang.invoke.DirectMethodHandle$Holder.invokeStaticInit(java.lang.Object, java.lang.Object)'> (0x000000071d84ed68) thrown at [./src/hotspot/share/interpreter/linkResolver.cpp, line 773]
Event: 1.621 Thread 0x0000026cfb731000 Exception <a 'java/lang/NoSuchMethodError'{0x000000071f673880}: 'java.lang.Object java.lang.invoke.DirectMethodHandle$Holder.invokeStatic(java.lang.Object, java.lang.Object, java.lang.Object, java.lang.Object, java.lang.Object, java.lang.Object, java.lang.Object, java.lang.Object, java.lang.Object, java.lang.Object, java.lang.Object, java.lang.Object, java.lang.Object, java.lang.Object, java.lang.Object)'> (0x000000071f673880) thrown at [./src/hotspot/share/interpreter/linkResolver.cpp, line 773]
Event: 1.623 Thread 0x0000026cfb731000 Exception <a 'java/lang/NoSuchMethodError'{0x000000071f681c58}: 'java.lang.Object java.lang.invoke.DirectMethodHandle$Holder.invokeStatic(java.lang.Object, java.lang.Object, java.lang.Object, java.lang.Object, java.lang.Object, java.lang.Object, java.lang.Object, java.lang.Object, java.lang.Object, java.lang.Object, java.lang.Object, java.lang.Object, java.lang.Object, java.lang.Object, java.lang.Object, java.lang.Object)'> (0x000000071f681c58) thrown at [./src/hotspot/share/interpreter/linkResolver.cpp, l
Event: 1.624 Thread 0x0000026cfb731000 Exception <a 'java/lang/NoSuchMethodError'{0x000000071f68fde0}: 'java.lang.Object java.lang.invoke.DirectMethodHandle$Holder.invokeSpecial(java.lang.Object, java.lang.Object, int, int, java.lang.Object, java.lang.Object, java.lang.Object)'> (0x000000071f68fde0) thrown at [./src/hotspot/share/interpreter/linkResolver.cpp, line 773]
Event: 1.624 Thread 0x0000026cfb731000 Exception <a 'java/lang/NoSuchMethodError'{0x000000071f693618}: 'java.lang.Object java.lang.invoke.DelegatingMethodHandle$Holder.reinvoke_L(java.lang.Object, int, int, java.lang.Object, java.lang.Object, java.lang.Object)'> (0x000000071f693618) thrown at [./src/hotspot/share/interpreter/linkResolver.cpp, line 773]
Event: 1.625 Thread 0x0000026cfb731000 Exception <a 'java/lang/NoSuchMethodError'{0x000000071f6979a0}: 'java.lang.Object java.lang.invoke.DirectMethodHandle$Holder.invokeStatic(java.lang.Object, java.lang.Object, java.lang.Object, java.lang.Object, int)'> (0x000000071f6979a0) thrown at [./src/hotspot/share/interpreter/linkResolver.cpp, line 773]
Event: 1.664 Thread 0x0000026cfb731000 Implicit null exception at 0x0000026c87b5a4ac to 0x0000026c87b5a65a
Event: 1.700 Thread 0x0000026cfb731000 Exception <a 'java/lang/NoSuchMethodError'{0x000000071f1f9298}: 'void java.lang.invoke.DirectMethodHandle$Holder.invokeStatic(java.lang.Object, java.lang.Object, java.lang.Object, java.lang.Object)'> (0x000000071f1f9298) thrown at [./src/hotspot/share/interpreter/linkResolver.cpp, line 773]
Event: 1.720 Thread 0x0000026cfb731000 Exception <a 'java/lang/NoSuchMethodError'{0x000000071ef48c40}: 'void java.lang.invoke.DirectMethodHandle$Holder.invokeSpecial(java.lang.Object, java.lang.Object)'> (0x000000071ef48c40) thrown at [./src/hotspot/share/interpreter/linkResolver.cpp, line 773]
Event: 1.758 Thread 0x0000026cfb731000 Exception <a 'java/lang/NoSuchMethodError'{0x000000071ede8200}: 'void java.lang.invoke.DirectMethodHandle$Holder.invokeStaticInit(java.lang.Object, java.lang.Object)'> (0x000000071ede8200) thrown at [./src/hotspot/share/interpreter/linkResolver.cpp, line 773]
Event: 1.765 Thread 0x0000026cfb731000 Exception <a 'java/lang/NoSuchMethodError'{0x000000071ec26678}: 'void java.lang.invoke.DirectMethodHandle$Holder.invokeInterface(java.lang.Object, java.lang.Object)'> (0x000000071ec26678) thrown at [./src/hotspot/share/interpreter/linkResolver.cpp, line 773]
Event: 1.891 Thread 0x0000026cfb731000 Exception <a 'java/lang/NoSuchMethodError'{0x000000071e7921e0}: 'void java.lang.invoke.DirectMethodHandle$Holder.invokeVirtual(java.lang.Object, java.lang.Object)'> (0x000000071e7921e0) thrown at [./src/hotspot/share/interpreter/linkResolver.cpp, line 773]
Event: 1.902 Thread 0x0000026cfb731000 Exception <a 'java/lang/NoSuchMethodError'{0x000000071e607a30}: 'int java.lang.invoke.DirectMethodHandle$Holder.invokeVirtual(java.lang.Object, java.lang.Object)'> (0x000000071e607a30) thrown at [./src/hotspot/share/interpreter/linkResolver.cpp, line 773]

Events (20 events):
Event: 2.001 loading class org/jetbrains/kotlin/psi/stubs/elements/KtContractEffectElementType
Event: 2.001 loading class org/jetbrains/kotlin/psi/stubs/elements/KtContractEffectElementType done
Event: 2.001 loading class org/jetbrains/kotlin/psi/KtContractEffect
Event: 2.001 loading class org/jetbrains/kotlin/psi/KtContractEffect done
Event: 2.002 loading class org/jetbrains/kotlin/psi/stubs/KotlinContractEffectStub
Event: 2.002 loading class org/jetbrains/kotlin/psi/stubs/KotlinContractEffectStub done
Event: 2.002 loading class org/jetbrains/kotlin/psi/KtLambdaArgument
Event: 2.002 loading class org/jetbrains/kotlin/psi/KtLambdaArgument done
Event: 2.002 loading class org/jetbrains/kotlin/psi/LambdaArgument
Event: 2.002 loading class org/jetbrains/kotlin/psi/LambdaArgument done
Event: 2.002 loading class org/jetbrains/kotlin/psi/KtValueArgumentName
Event: 2.002 loading class org/jetbrains/kotlin/psi/KtValueArgumentName done
Event: 2.003 loading class org/jetbrains/kotlin/psi/KtSuperTypeList
Event: 2.003 loading class org/jetbrains/kotlin/psi/KtSuperTypeList done
Event: 2.003 loading class org/jetbrains/kotlin/psi/KtInitializerList
Event: 2.003 loading class org/jetbrains/kotlin/psi/KtInitializerList done
Event: 2.004 loading class org/jetbrains/kotlin/psi/KtDelegatedSuperTypeEntry
Event: 2.004 loading class org/jetbrains/kotlin/psi/KtDelegatedSuperTypeEntry done
Event: 2.004 loading class org/jetbrains/kotlin/psi/KtSuperTypeListEntry
Event: 2.004 loading class org/jetbrains/kotlin/psi/KtSuperTypeListEntry done


Dynamic libraries:
0x00007ff7faf80000 - 0x00007ff7faf8a000 	D:\Android\Android Studio\jre\bin\java.exe
0x00007ff9c9690000 - 0x00007ff9c9886000 	C:\WINDOWS\SYSTEM32\ntdll.dll
0x00007ff9c90f0000 - 0x00007ff9c91ad000 	C:\WINDOWS\System32\KERNEL32.DLL
0x00007ff9c7090000 - 0x00007ff9c7359000 	C:\WINDOWS\System32\KERNELBASE.dll
0x00007ff9c7360000 - 0x00007ff9c7460000 	C:\WINDOWS\System32\ucrtbase.dll
0x00007ff9b7840000 - 0x00007ff9b7859000 	D:\Android\Android Studio\jre\bin\jli.dll
0x00007ff9c23a0000 - 0x00007ff9c23b7000 	D:\Android\Android Studio\jre\bin\VCRUNTIME140.dll
0x00007ff9c8ea0000 - 0x00007ff9c9040000 	C:\WINDOWS\System32\USER32.dll
0x00007ff9c7460000 - 0x00007ff9c7482000 	C:\WINDOWS\System32\win32u.dll
0x00007ff9c9440000 - 0x00007ff9c946a000 	C:\WINDOWS\System32\GDI32.dll
0x00007ff9c7490000 - 0x00007ff9c7599000 	C:\WINDOWS\System32\gdi32full.dll
0x00007ff9ae6a0000 - 0x00007ff9ae93b000 	C:\WINDOWS\WinSxS\amd64_microsoft.windows.common-controls_6595b64144ccf1df_6.0.19041.488_none_ca04af081b815d21\COMCTL32.dll
0x00007ff9c75d0000 - 0x00007ff9c766d000 	C:\WINDOWS\System32\msvcp_win.dll
0x00007ff9c8850000 - 0x00007ff9c88ee000 	C:\WINDOWS\System32\msvcrt.dll
0x00007ff9c8820000 - 0x00007ff9c8850000 	C:\WINDOWS\System32\IMM32.DLL
0x00007ff98b3a0000 - 0x00007ff98b43d000 	D:\Android\Android Studio\jre\bin\msvcp140.dll
0x00007ff959920000 - 0x00007ff95a3dc000 	D:\Android\Android Studio\jre\bin\server\jvm.dll
0x00007ff9c95a0000 - 0x00007ff9c964c000 	C:\WINDOWS\System32\ADVAPI32.dll
0x00007ff9c91c0000 - 0x00007ff9c925c000 	C:\WINDOWS\System32\sechost.dll
0x00007ff9c85b0000 - 0x00007ff9c86db000 	C:\WINDOWS\System32\RPCRT4.dll
0x00007ff9c7830000 - 0x00007ff9c7838000 	C:\WINDOWS\System32\PSAPI.DLL
0x00007ff9bc280000 - 0x00007ff9bc2a7000 	C:\WINDOWS\SYSTEM32\WINMM.dll
0x00007ff9bc400000 - 0x00007ff9bc40a000 	C:\WINDOWS\SYSTEM32\VERSION.dll
0x00007ff9c24a0000 - 0x00007ff9c24a9000 	C:\WINDOWS\SYSTEM32\WSOCK32.dll
0x00007ff9c8970000 - 0x00007ff9c89db000 	C:\WINDOWS\System32\WS2_32.dll
0x00007ff9c56c0000 - 0x00007ff9c56d2000 	C:\WINDOWS\SYSTEM32\kernel.appcore.dll
0x00007ff9c16a0000 - 0x00007ff9c16b1000 	D:\Android\Android Studio\jre\bin\verify.dll
0x00007ff9c5120000 - 0x00007ff9c5304000 	C:\WINDOWS\SYSTEM32\DBGHELP.DLL
0x00007ff9b4130000 - 0x00007ff9b415c000 	C:\WINDOWS\SYSTEM32\dbgcore.DLL
0x00007ff9c7670000 - 0x00007ff9c76f0000 	C:\WINDOWS\System32\bcryptPrimitives.dll
0x00007ff9c1670000 - 0x00007ff9c1699000 	D:\Android\Android Studio\jre\bin\java.dll
0x00007ff9c1660000 - 0x00007ff9c166b000 	D:\Android\Android Studio\jre\bin\jimage.dll
0x00007ff9b7a00000 - 0x00007ff9b7a18000 	D:\Android\Android Studio\jre\bin\zip.dll
0x00007ff9c79f0000 - 0x00007ff9c8132000 	C:\WINDOWS\System32\SHELL32.dll
0x00007ff9c48b0000 - 0x00007ff9c5045000 	C:\WINDOWS\SYSTEM32\windows.storage.dll
0x00007ff9c89e0000 - 0x00007ff9c8d36000 	C:\WINDOWS\System32\combase.dll
0x00007ff9c66a0000 - 0x00007ff9c66cc000 	C:\WINDOWS\SYSTEM32\Wldp.dll
0x00007ff9c9040000 - 0x00007ff9c90ee000 	C:\WINDOWS\System32\SHCORE.dll
0x00007ff9c76f0000 - 0x00007ff9c7745000 	C:\WINDOWS\System32\shlwapi.dll
0x00007ff9c6d00000 - 0x00007ff9c6d26000 	C:\WINDOWS\SYSTEM32\profapi.dll
0x00007ff9ae460000 - 0x00007ff9ae47a000 	D:\Android\Android Studio\jre\bin\net.dll
0x00007ff9bd3b0000 - 0x00007ff9bd4b0000 	C:\WINDOWS\SYSTEM32\WINHTTP.dll
0x00007ff9c6490000 - 0x00007ff9c64fa000 	C:\WINDOWS\system32\mswsock.dll
0x00007ff9aa8a0000 - 0x00007ff9aa8b4000 	D:\Android\Android Studio\jre\bin\nio.dll

dbghelp: loaded successfully - version: 4.0.5 - missing functions: none
symbol engine: initialized successfully - sym options: 0x614 - pdb path: .;D:\Android\Android Studio\jre\bin;C:\WINDOWS\SYSTEM32;C:\WINDOWS\WinSxS\amd64_microsoft.windows.common-controls_6595b64144ccf1df_6.0.19041.488_none_ca04af081b815d21;D:\Android\Android Studio\jre\bin\server

VM Arguments:
java_command: org.jetbrains.kotlin.cli.jvm.K2JVMCompiler @D:\JetBrainProjects\AndroidExample\RoomObserveKotlin\build\20210602_8765973892866200080.compiler.options
java_class_path (initial): D:\.gradle\caches\modules-2\files-2.1\org.jetbrains.kotlin\kotlin-compiler-embeddable\1.5.10\9c35134a025cab7a1e6eee0d87d241c2f30c1218\kotlin-compiler-embeddable-1.5.10.jar;D:\.gradle\caches\modules-2\files-2.1\org.jetbrains.kotlin\kotlin-reflect\1.5.10\d6c70f3c0df2457ea0095c61c1fc1188017dc3bc\kotlin-reflect-1.5.10.jar;D:\.gradle\caches\modules-2\files-2.1\org.jetbrains.kotlin\kotlin-stdlib\1.5.10\da6a904b132f0402fa4d79169a3c1770598d4702\kotlin-stdlib-1.5.10.jar;D:\.gradle\caches\modules-2\files-2.1\org.jetbrains.kotlin\kotlin-script-runtime\1.5.10\69bad0ece91b0797055aeadbd44dc742c458398b\kotlin-script-runtime-1.5.10.jar;D:\.gradle\caches\modules-2\files-2.1\org.jetbrains.kotlin\kotlin-daemon-embeddable\1.5.10\d06ad33b62b041dae0609f830c3b48135d53b8bc\kotlin-daemon-embeddable-1.5.10.jar;D:\.gradle\caches\modules-2\files-2.1\org.jetbrains.intellij.deps\trove4j\1.0.20181211\216c2e14b070f334479d800987affe4054cd563f\trove4j-1.0.20181211.jar;D:\.gradle\caches\modules-2\files-2.1\org.jetbrains\annotations\13.0\919f0dfe192fb4e063e7dacadee7f8bb9a2672a9\annotations-13.0.jar;D:\.gradle\caches\modules-2\files-2.1\org.jetbrains.kotlin\kotlin-stdlib-common\1.5.10\6b84d926e28493be69daf673e40076f89492ef7\kotlin-stdlib-common-1.5.10.jar
Launcher Type: SUN_STANDARD

[Global flags]
     intx CICompilerCount                          = 4                                         {product} {ergonomic}
     uint ConcGCThreads                            = 2                                         {product} {ergonomic}
     uint G1ConcRefinementThreads                  = 8                                         {product} {ergonomic}
   size_t G1HeapRegionSize                         = 1048576                                   {product} {ergonomic}
    uintx GCDrainStackTargetSize                   = 64                                        {product} {ergonomic}
   size_t InitialHeapSize                          = 251658240                                 {product} {ergonomic}
   size_t MarkStackSize                            = 4194304                                   {product} {ergonomic}
   size_t MaxHeapSize                              = 4009754624                                {product} {ergonomic}
   size_t MaxNewSize                               = 2405433344                                {product} {ergonomic}
   size_t MinHeapDeltaBytes                        = 1048576                                   {product} {ergonomic}
    uintx NonNMethodCodeHeapSize                   = 5836300                                {pd product} {ergonomic}
    uintx NonProfiledCodeHeapSize                  = 122910970                              {pd product} {ergonomic}
    uintx ProfiledCodeHeapSize                     = 122910970                              {pd product} {ergonomic}
    uintx ReservedCodeCacheSize                    = 251658240                              {pd product} {ergonomic}
     bool SegmentedCodeCache                       = true                                      {product} {ergonomic}
     bool UseCompressedClassPointers               = true                                 {lp64_product} {ergonomic}
     bool UseCompressedOops                        = true                                 {lp64_product} {ergonomic}
     bool UseG1GC                                  = true                                      {product} {ergonomic}
     bool UseLargePagesIndividualAllocation        = false                                  {pd product} {ergonomic}

Logging:
Log output configuration:
 #0: stdout all=warning uptime,level,tags
 #1: stderr all=off uptime,level,tags

Environment Variables:
JAVA_HOME=C:\Program Files\Java\jdk1.8.0_231
CLASSPATH=.;C:\Program Files\Java\jdk1.8.0_231\lib;C:\Program Files\Java\jdk1.8.0_231\lib\tools.jar
PATH=D:\Program Files (x86)\VMware\VMware Workstation\bin\;C:\Users\Finger\AppData\Local\Programs\Python\Python38;C:\Users\Finger\AppData\Local\Programs\Python\Python38\Scripts;C:\Program Files (x86)\Common Files\Intel\Shared Libraries\redist\intel64\compiler;D:\Python\Python38\Scripts\;D:\Python\Python38\;"C:\Program Files\Java\jdk1.8.0_231\bin;C:\Program Files\Java\jdk1.8.0_231\jre\bin;";C:\Program Files (x86)\Common Files\Oracle\Java\javapath;C:\WINDOWS\system32;C:\WINDOWS;C:\WINDOWS\System32\Wbem;C:\WINDOWS\System32\WindowsPowerShell\v1.0\;C:\WINDOWS\System32\OpenSSH\;D:\Program Files\010 Editor;D:\Go\bin;D:\AndroidSDK\platform-tools;C:\Program Files\Microsoft SQL Server\130\Tools\Binn\;D:\AndroidSDK\build-tools\29.0.2;C:\mingw-w64\x86_64-8.1.0-posix-seh-rt_v6-rev0\mingw64\bin;D:\AndroidSDK\cmake\3.10.2.4988404\bin;C:\OpenSSL-Win64\bin;D:\Program Files\CMake\bin;C:\Windows\Microsoft.NET\Framework64\v4.0.30319;C:\Strawberry\c\bin;C:\Strawberry\perl\site\bin;C:\Strawberry\perl\bin;D:\phpstudy_pro\Extensions\php\php5.6.9nts;C:\ProgramData\ComposerSetup\bin;C:\ProgramData\chocolatey\bin;D:\Program Files\nodejs\;D:\AndroidSDK\ndk-bundle;D:\Program Files\Git\cmd;C:\Program Files\dotnet\;C:\Ruby26-x64\bin;C:\Users\Finger\AppData\Local\Microsoft\WindowsApps;D:\Program Files\Microsoft VS Code\bin;D:\Program Files\JetBrains\IntelliJ IDEA 2019.3\bin;D:\Program Files\JetBrains\PhpStorm 2019.3\bin;D:\Program Files\JetBrains\PyCharm 2019.3\bin;D:\Program Files\JetBrains\GoLand 2019.3\bin;D:\Program Files\JetBrains\DataGrip 2019.3\bin;C:\Users\Finger\go\bin;C:\Program Files\Java\jdk1.8.0_231\bin;D:\Program Files\JetBrains\CLion 2020.1\bin;C:\Users\Finger\AppData\Local\Programs\Fiddler;D:\Program Files\JetBrains\IntelliJ IDEA 2020.3\bin;;D:\Program Files\JetBrains\RubyMine 2020.3\bin;;C:\Program Files\Bandizip\;C:\Users\Finger\AppData\Roaming\Composer\vendor\bin;D:\Program Files\JetBrains\PhpStorm 2020.3\bin;;D:\Program Files\JetBrains\PyCharm 2020.3\bin;;D:\Program Files\JetBrain
USERNAME=Finger
OS=Windows_NT
PROCESSOR_IDENTIFIER=AMD64 Family 23 Model 24 Stepping 1, AuthenticAMD



---------------  S Y S T E M  ---------------

OS: Windows 10 , 64 bit Build 19041 (10.0.19041.662)
OS uptime: 2 days 3:05 hours
HyperV virtualization detected

CPU:total 8 (initial active 8) (8 cores per cpu, 2 threads per core) family 23 model 24 stepping 1, cmov, cx8, fxsr, mmx, sse, sse2, sse3, ssse3, sse4.1, sse4.2, popcnt, avx, avx2, aes, clmul, mmxext, 3dnowpref, lzcnt, sse4a, ht, tsc, tscinvbit, tscinv, bmi1, bmi2, adx, sha, fma

Memory: 4k page, system-wide physical 15295M (5614M free)
TotalPageFile size 19372M (AvailPageFile size 0M)
current process WorkingSet (physical memory assigned to process): 168M, peak: 168M
current process commit charge ("private bytes"): 392M, peak: 392M

vm_info: OpenJDK 64-Bit Server VM (11.0.8+10-b944.6842174) for windows-amd64 JRE (11.0.8+10-b944.6842174), built on Sep 19 2020 01:11:42 by "builder" with MS VC++ 14.0 (VS2015)

END.
